0.000000,-0.005060,0.164030,0.034845
9.999023,0.014543,0.181563,0.041620
20.000000,0.064288,0.163479,0.018476
30.000000,0.087234,0.165078,-0.033212
39.999023,0.069057,0.194904,-0.098155
50.000000,-0.015137,0.154366,-0.079074
59.999023,-0.102263,0.049969,0.035180
70.000000,-0.115000,0.025701,0.116690
80.000000,-0.091159,0.048865,0.114639
89.999023,-0.107846,0.019636,0.078602
100.000000,-0.212554,-0.020706,0.021526
110.000000,-0.343779,-0.036301,-0.027011
119.999023,-0.459166,-0.054344,-0.006122
130.000000,-0.610646,-0.123809,0.037978
139.999023,-0.840910,-0.236146,0.029974
150.000000,-1.114568,-0.356017,-0.044561
160.000000,-1.332142,-0.438583,-0.183746
169.999023,-1.501779,-0.447088,-0.312003
180.000000,-1.879853,-0.525128,-0.260310
190.000000,-2.828113,-0.823418,0.125589
199.999023,-4.101782,-1.239116,0.582194
210.000000,-5.053422,-1.638677,0.749457
219.999023,-5.439742,-1.812816,0.547287
230.000000,-5.339195,-1.911255,0.083069
240.000000,-4.841025,-2.061199,-0.450936
249.999023,-4.119617,-2.204140,-0.976180
260.000000,-3.051592,-2.294206,-1.519958
270.000000,-1.777517,-2.262846,-1.875594
279.999023,-0.459633,-1.906333,-1.934880
290.000000,0.957898,-1.414930,-1.638831
299.999023,2.189088,-1.121623,-1.103147
310.000000,3.128504,-0.809162,-0.661436
320.000000,3.545631,-0.555020,-0.501630
329.999023,3.536093,-0.262752,-0.591015
340.000000,3.557404,-0.044797,-0.894821
350.000000,3.303486,0.058428,-1.074310
359.999023,3.112257,0.339030,-0.813357
370.000000,3.581262,0.690776,-0.119378
379.999023,4.303637,0.899808,0.645146
390.000000,4.578895,1.070945,1.061367
400.000000,4.412279,1.144915,0.996845
409.999023,3.953936,1.109993,0.671650
420.000000,3.684801,1.350147,0.547106
430.000000,4.020001,1.713866,0.693083
439.999023,4.585204,2.008648,0.966236
450.000000,4.726157,1.968442,1.256646
459.999023,4.343905,1.714349,1.517316
470.000000,3.732263,1.419687,1.400188
480.000000,3.134334,1.168319,0.944598
489.999023,2.801727,0.998894,0.352077
500.000000,2.585562,0.792002,-0.222915
510.000000,2.416354,0.494113,-0.602674
519.999023,2.140283,0.200015,-0.753793
530.000000,1.700594,-0.027560,-0.823107
539.999023,1.148749,-0.237530,-0.851778
550.000000,0.600205,-0.406180,-0.872685
560.000000,0.143130,-0.478941,-0.856922
569.999023,-0.071882,-0.519020,-0.774779
580.000000,-0.084942,-0.654538,-0.718709
590.000000,-0.214158,-0.851879,-0.816096
599.999023,-0.716260,-1.042988,-0.860527
610.000000,-1.463644,-1.121142,-0.614293
619.999023,-1.883168,-1.090153,-0.304032
630.000000,-1.919859,-1.009186,-0.114483
640.000000,-1.841010,-0.897893,0.006468
649.999023,-1.745443,-0.795656,0.021158
660.000000,-1.669102,-0.716676,-0.025186
670.000000,-1.615817,-0.632490,-0.014217
680.000000,-1.484710,-0.583280,0.037235
690.000000,-1.275313,-0.521469,0.049229
700.000000,-1.039510,-0.434907,-0.044947
710.000000,-0.817918,-0.382204,-0.202693
720.000000,-0.720155,-0.352314,-0.320496
730.000000,-0.807105,-0.322225,-0.319129
740.000000,-1.007905,-0.276890,-0.137131
750.000000,-1.212489,-0.233477,0.157988
760.000000,-1.308839,-0.221198,0.390070
770.000000,-1.223954,-0.224854,0.482805
780.000000,-1.069197,-0.181986,0.510660
790.000000,-0.933839,-0.111446,0.537154
800.000000,-0.796508,-0.095168,0.555394
810.000000,-0.704117,-0.091792,0.513451
820.000000,-0.646904,-0.046696,0.381062
830.000000,-0.608590,-0.014679,0.121280
840.000000,-0.595764,0.009968,-0.188322
850.000000,-0.515641,0.090782,-0.449309
860.000000,-0.397333,0.138576,-0.580430
870.000000,-0.287073,0.142415,-0.788135
880.000000,-0.281632,0.131491,-1.113806
890.000000,-0.369655,0.157401,-1.283618
900.000000,-0.423627,0.105496,-1.383220
910.000000,-0.106734,-0.166177,-1.226422
920.000000,0.173239,-0.170464,-0.881456
930.000000,0.149505,0.020302,-0.443174
940.000000,0.143865,0.060200,-0.059829
950.000000,0.099434,-0.014584,0.146751
960.000000,-0.055753,-0.075879,0.184073
970.000000,-0.314175,-0.111610,0.102478
980.000000,-0.375335,-0.098474,-0.200320
990.000000,-0.281520,-0.004506,-0.544203
1000.000000,-0.228072,0.051423,-0.751353
1010.000000,-0.181022,0.007641,-0.734151
1020.000000,-0.101113,0.013028,-0.506685
1030.000000,0.029993,0.053410,-0.090755
1040.000000,0.132561,0.080831,0.384006
1050.000000,0.196278,-0.003153,0.846637
1060.000000,0.158726,-0.103454,1.236859
1070.000000,0.042015,-0.095394,1.400820
1080.000000,-0.046929,-0.057665,1.426025
1090.000000,-0.138532,-0.082706,1.277565
1100.000000,-0.259086,-0.135597,0.980374
1110.000000,-0.477725,-0.187382,0.578533
1120.000000,-0.598907,-0.135894,0.100535
1130.000000,-0.569431,-0.090958,-0.340867
1140.000000,-0.334668,0.030732,-0.733801
1150.000000,0.029087,0.183665,-0.908330
1160.000000,0.331052,0.258833,-0.759540
1170.000000,0.535754,0.222158,-0.386311
1180.000000,0.673199,0.112880,0.038839
1190.000000,0.747103,0.033857,0.343916
1200.000000,0.677061,0.045236,0.579639
1210.000000,0.535518,0.156865,0.741118
1220.000000,0.352433,0.292613,0.785146
1230.000000,0.163928,0.310419,0.634729
1240.000000,0.047772,0.234892,0.330350
1250.000000,-0.006098,0.145697,0.017749
1260.000000,0.016383,0.097137,-0.181358
1270.000000,0.017637,0.104323,-0.210929
