0.000000,0.143692,0.050082,-0.079398
10.000000,0.269462,0.062000,0.002421
20.000000,0.327428,0.056059,0.052588
30.000000,0.263777,0.048554,0.092215
40.000000,0.136234,0.048470,0.102238
49.999023,0.015252,0.047813,0.116357
60.000000,-0.049455,0.039570,0.146882
70.000000,-0.014832,0.034951,0.172893
80.000000,0.041728,0.039684,0.132142
90.000000,0.018903,0.037239,0.049619
100.000000,-0.037284,0.026655,-0.014821
110.000000,-0.116787,-0.012180,-0.035261
120.000000,-0.255201,-0.054791,-0.027307
129.999023,-0.420864,-0.096707,-0.012963
140.000000,-0.612212,-0.146197,-0.025350
150.000000,-0.839868,-0.218554,-0.048917
160.000000,-1.172336,-0.359013,-0.027190
170.000000,-1.642662,-0.560840,0.038264
180.000000,-2.228702,-0.786046,0.080953
190.000000,-2.881847,-0.969602,0.070101
200.000000,-3.587953,-1.149204,0.008037
209.999023,-4.120757,-1.443540,-0.171925
220.000000,-4.291131,-1.829912,-0.531737
230.000000,-4.300813,-2.136293,-1.114344
240.000000,-4.088205,-2.242411,-1.722304
250.000000,-3.533138,-2.247535,-2.182431
260.000000,-2.789115,-2.298754,-2.319836
270.000000,-2.224310,-2.492557,-2.154681
280.000000,-1.653987,-2.665662,-1.858831
289.999023,-0.942762,-2.722350,-1.558540
300.000000,-0.488215,-2.630081,-1.331422
310.000000,-0.158153,-2.350485,-1.040326
320.000000,0.327103,-2.061944,-0.503760
330.000000,0.577781,-1.942012,0.065975
340.000000,0.699951,-1.824049,0.470495
350.000000,1.345629,-1.322983,1.004569
360.000000,2.463473,-0.719631,1.699755
369.999023,3.826019,-0.069790,2.400437
380.000000,5.454561,0.724715,2.882670
390.000000,6.823808,1.470337,3.026624
400.000000,7.802734,2.002578,2.616518
410.000000,8.250910,2.224147,1.851319
420.000000,8.043056,2.384078,0.977526
430.000000,7.237661,2.626473,0.339447
440.000000,6.120806,2.518663,0.198695
449.999023,5.161776,2.152786,0.472737
460.000000,4.593297,1.857671,0.850639
470.000000,4.282797,1.594952,1.162905
480.000000,4.057423,1.334071,1.135329
490.000000,3.878859,1.141252,0.887021
500.000000,3.733563,0.939310,0.555092
510.000000,3.521670,0.637575,0.118681
520.000000,3.100528,0.299850,-0.327435
529.999023,2.534892,-0.040761,-0.695371
540.000000,2.030998,-0.463469,-0.917315
550.000000,1.469002,-0.863650,-1.074480
560.000000,0.790741,-1.137058,-1.096141
570.000000,0.198998,-1.277418,-1.066572
580.000000,-0.346197,-1.368935,-1.030640
590.000000,-0.865528,-1.441260,-0.924309
600.000000,-1.286471,-1.456942,-0.845444
609.999023,-1.527279,-1.370510,-0.804058
620.000000,-1.620082,-1.227088,-0.728397
630.000000,-1.555134,-1.111899,-0.632090
640.000000,-1.340883,-1.045797,-0.521275
650.000000,-1.191608,-1.031619,-0.489404
660.000000,-1.203447,-1.016021,-0.512660
670.000000,-1.263338,-1.003403,-0.578331
680.000000,-1.318601,-0.911051,-0.547957
689.999023,-1.311153,-0.770957,-0.406586
700.000000,-1.239362,-0.666567,-0.214837
710.000000,-1.258562,-0.634740,-0.042533
720.000000,-1.401983,-0.641873,0.025207
730.000000,-1.473202,-0.592392,0.054048
740.000000,-1.383638,-0.507940,0.122741
750.000000,-1.294579,-0.427580,0.205975
760.000000,-1.244388,-0.353008,0.319995
770.000000,-1.150491,-0.351875,0.492143
780.000000,-1.055044,-0.389698,0.644398
790.000000,-0.980636,-0.349431,0.646166
800.000000,-0.925953,-0.245918,0.450236
810.000000,-0.862639,-0.130557,0.189849
820.000000,-0.751114,-0.053073,-0.011813
830.000000,-0.671316,-0.087062,-0.145514
840.000000,-0.666115,-0.159115,-0.234864
850.000000,-0.712055,-0.141927,-0.342855
860.000000,-0.722555,-0.050102,-0.436646
870.000000,-0.666607,-0.011427,-0.508861
880.000000,-0.621092,-0.101697,-0.611304
890.000000,-0.523098,-0.150922,-0.746351
900.000000,-0.439309,-0.101929,-0.847878
910.000000,-0.418052,-0.032421,-0.727439
920.000000,-0.342309,-0.016744,-0.269481
930.000000,-0.205633,-0.061761,0.394042
940.000000,-0.135499,-0.149417,0.877792
950.000000,-0.074659,-0.252765,1.007143
960.000000,-0.031071,-0.311940,0.867427
970.000000,-0.027359,-0.343463,0.580250
980.000000,-0.053884,-0.262750,0.313184
990.000000,-0.002259,-0.197632,-0.012161
1000.000000,0.060329,-0.183431,-0.324553
1010.000000,0.127535,-0.136441,-0.595526
1020.000000,0.166948,-0.023796,-0.725780
1030.000000,0.180717,0.081910,-0.599276
1040.000000,0.157964,0.068889,-0.049587
1050.000000,0.131583,0.012377,0.562288
1060.000000,0.262354,0.053716,0.943496
1070.000000,0.414714,0.098668,1.132052
1080.000000,0.401647,0.102535,1.008944
1090.000000,0.417633,0.040541,0.679999
1100.000000,0.363438,-0.033091,0.367702
1110.000000,0.170905,-0.056496,0.135950
1120.000000,0.018374,0.014634,-0.011074
1130.000000,-0.040502,0.048799,-0.153768
1140.000000,-0.090487,0.106892,-0.419408
1150.000000,-0.021434,0.088914,-0.607072
1160.000000,0.025058,0.043806,-0.649247
1170.000000,-0.001168,0.009003,-0.368014
1180.000000,-0.088251,-0.026406,0.071612
1190.000000,-0.186430,-0.141641,0.409307
1200.000000,-0.245630,-0.228889,0.640914
1210.000000,-0.311726,-0.286252,0.680301
1220.000000,-0.240725,-0.257409,0.490243
1230.000000,-0.047233,-0.185490,0.179683
1240.000000,0.056359,-0.087716,-0.145149
1250.000000,0.151746,0.037931,-0.357781
1260.000000,0.230085,0.143390,-0.436953
1270.000000,0.287549,0.178164,-0.352226
