0.000000,0.060122,-0.004082,-0.206678
10.000000,-0.005450,0.023437,-0.197273
20.000000,-0.049237,0.029040,-0.119021
30.000000,-0.032844,0.001454,-0.020256
40.000977,-0.015521,0.004820,0.041025
50.000000,-0.062225,0.010783,0.043764
60.000000,-0.154428,-0.006263,0.008165
70.000000,-0.261794,-0.001262,-0.025315
80.000000,-0.370857,0.006754,-0.052543
90.000000,-0.403218,-0.004685,-0.044893
100.000000,-0.350924,-0.017621,-0.046954
110.000000,-0.333188,-0.041804,-0.070429
120.000977,-0.368079,-0.077793,-0.099174
130.000000,-0.450256,-0.126386,-0.131937
140.000000,-0.576073,-0.177600,-0.133480
150.000000,-0.702476,-0.229544,-0.150470
160.000000,-0.887184,-0.326265,-0.230923
170.000000,-1.259488,-0.488817,-0.330316
180.000000,-1.854714,-0.722647,-0.398593
190.000000,-2.674941,-1.013462,-0.402592
200.000977,-3.613255,-1.281795,-0.470951
210.000000,-4.094329,-1.419939,-0.704685
220.000000,-3.552467,-1.396607,-0.817904
230.000000,-2.346235,-1.270904,-0.623594
240.000000,-1.145719,-1.082713,-0.376552
250.000000,-0.360438,-1.033644,-0.339454
260.000000,-0.308877,-1.189019,-0.612629
270.000000,-0.881216,-1.285499,-1.095016
280.000977,-1.641596,-1.306493,-1.502753
290.000000,-2.033116,-1.291574,-1.587036
300.000000,-1.759063,-1.267963,-1.242839
310.000000,-1.024143,-1.299080,-0.663529
320.000000,-0.249357,-1.383829,-0.198115
330.000000,0.382607,-1.282719,0.071964
340.000000,1.065963,-0.886708,0.362493
350.000000,1.915364,-0.411606,0.788556
360.000977,2.843237,-0.040504,1.310074
370.000000,3.638524,0.267749,1.653638
380.000000,4.065930,0.497325,1.643648
390.000000,3.977880,0.640890,1.291536
400.000000,3.832383,1.058582,0.813725
410.000000,4.027922,1.582731,0.558362
420.000000,4.398005,1.836324,0.428291
430.000000,4.598911,1.938336,0.210139
440.000977,4.609238,2.114020,0.181477
450.000000,4.557292,2.308326,0.503045
460.000000,4.389784,2.200221,1.000099
470.000000,4.142831,1.830672,1.323954
480.000000,3.881805,1.590815,1.201945
489.999023,3.620379,1.404845,0.868356
500.000000,3.239711,1.128907,0.526898
510.000000,2.757341,0.761726,0.228857
519.999023,2.310613,0.339992,0.016554
530.000000,1.825600,-0.034902,-0.105599
540.000000,1.431635,-0.255813,-0.344690
550.000000,1.010723,-0.327328,-0.628430
560.000000,0.637109,-0.358533,-0.799235
569.999023,0.420343,-0.436351,-0.888334
580.000000,0.191964,-0.628023,-0.951121
590.000000,-0.185949,-0.807240,-0.957992
599.999023,-0.440886,-0.920997,-0.987815
610.000000,-0.645637,-1.001840,-0.936341
620.000000,-0.909206,-1.057673,-0.862069
630.000000,-1.255434,-1.025633,-0.866867
640.000000,-1.565922,-0.990187,-0.852795
649.999023,-1.834164,-1.002102,-0.771782
660.000000,-2.037447,-0.996540,-0.628234
670.000000,-1.969049,-0.917970,-0.393897
679.999023,-1.615771,-0.816849,-0.109672
690.000000,-1.267049,-0.733905,0.088394
700.000000,-1.156540,-0.683015,0.100777
710.000000,-1.138688,-0.613798,-0.001047
720.000000,-1.123508,-0.564647,-0.064972
729.999023,-1.204714,-0.528951,-0.016504
740.000000,-1.374849,-0.476034,0.091211
750.000977,-1.556842,-0.386563,0.214025
759.999023,-1.605233,-0.308810,0.297006
769.999023,-1.444362,-0.242040,0.302849
780.000977,-1.127933,-0.190006,0.266635
789.999023,-0.824834,-0.195945,0.161290
800.000977,-0.695630,-0.238911,-0.036138
809.999023,-0.724527,-0.246765,-0.241842
819.999023,-0.750585,-0.201424,-0.333746
830.000977,-0.688973,-0.123080,-0.277299
839.999023,-0.597007,-0.032838,-0.148765
849.999023,-0.519577,0.026244,-0.006699
860.000977,-0.498046,0.057643,0.078652
869.999023,-0.407046,-0.002754,0.050054
880.000977,-0.213877,-0.142069,-0.064442
889.999023,-0.219344,-0.152586,-0.204730
899.999023,-0.273521,-0.073855,-0.251711
910.000977,-0.265397,-0.020436,-0.215792
919.999023,-0.203517,-0.041835,-0.194357
929.999023,-0.118715,-0.037961,-0.157879
940.000977,-0.066831,-0.001004,-0.045290
949.999023,-0.016540,0.029282,0.072471
960.000977,0.019541,0.018337,0.161126
969.999023,0.048048,0.022207,0.186542
979.999023,0.091113,0.052299,0.147448
990.000977,0.066438,0.091317,0.164283
999.999023,-0.012349,0.063392,0.206196
1009.999023,-0.060456,0.012700,0.255380
1020.000977,-0.110628,-0.021543,0.249063
1029.999023,-0.135410,-0.027235,0.155652
1040.000977,-0.084158,0.026891,0.020178
1049.999023,0.032072,0.075699,-0.128974
1059.999023,0.130774,0.072281,-0.242573
1070.000977,0.239828,0.097812,-0.242601
1079.999023,0.268136,0.139179,-0.200108
1089.999023,0.248104,0.116847,-0.175928
1100.000977,0.139201,0.085297,-0.159460
1109.999023,-0.009207,0.059934,0.029738
1120.000977,-0.178465,0.026380,0.341207
1129.999023,-0.266888,0.021295,0.579490
1139.999023,-0.196393,0.032684,0.603510
1150.000977,-0.092456,0.005794,0.557904
1159.999023,0.008560,-0.032360,0.380086
1169.999023,0.130715,-0.008872,0.205200
1180.000977,0.198521,0.107279,0.067608
1189.999023,0.200830,0.174478,-0.063860
1200.000977,0.131375,0.163451,-0.142537
1209.999023,0.071189,0.109125,-0.240661
1219.999023,0.014609,0.075540,-0.373894
1230.000977,-0.104071,0.110786,-0.385475
1239.999023,-0.220622,0.103586,-0.210356
1249.999023,-0.223147,0.053614,-0.048619
1260.000977,-0.198156,0.030769,0.064095
1269.999023,-0.190143,0.095722,0.106646
