0.000000,-0.000528,0.008137,0.187223
10.000000,0.061334,0.028518,0.119117
20.000000,0.020428,0.013827,0.023238
30.000000,-0.062423,-0.013652,-0.041713
40.000000,-0.078525,-0.016616,-0.076379
50.000000,-0.039845,0.001019,-0.075460
60.000000,-0.027186,0.024906,-0.030828
70.000000,-0.028211,0.021112,0.008768
80.000000,-0.017716,0.006162,0.034859
90.000000,-0.059208,-0.006108,0.056776
100.000000,-0.151746,-0.029417,0.114771
110.000000,-0.213233,-0.060732,0.196491
120.000000,-0.268134,-0.073611,0.240643
130.000000,-0.382108,-0.094556,0.246501
140.000000,-0.508769,-0.113896,0.214846
150.000000,-0.601095,-0.180131,0.124442
160.000000,-0.786497,-0.288278,-0.012419
170.000000,-1.085352,-0.378025,-0.161511
180.000000,-1.404477,-0.516353,-0.202865
190.000000,-1.687805,-0.692459,-0.119905
200.000000,-1.953515,-0.806911,0.143383
210.000000,-2.044086,-0.858524,0.395726
220.000000,-1.995345,-0.932938,0.381593
230.000000,-1.977121,-0.953419,0.128787
240.000000,-2.093834,-0.876185,-0.240893
250.000000,-2.265620,-0.857079,-0.492166
260.000000,-2.401968,-0.974714,-0.687003
270.000000,-2.777882,-1.170359,-0.807978
280.000000,-3.241644,-1.473279,-1.042388
290.000000,-3.744729,-1.968687,-1.378740
300.000000,-4.082084,-2.268779,-1.722284
310.000000,-3.371355,-2.226438,-1.733894
320.000000,-1.661096,-2.060733,-1.285357
330.000000,0.441342,-1.712077,-0.722785
340.000000,1.912035,-1.356575,-0.325253
350.000000,2.566839,-0.887483,-0.169504
360.000000,2.816994,-0.580078,-0.150935
370.000000,2.506721,-0.556337,-0.235023
380.000000,1.901583,-0.474875,-0.356382
390.000000,1.469874,-0.342791,-0.526963
400.000000,1.887899,-0.071160,-0.558758
410.000000,3.236743,0.346610,-0.300215
420.000000,4.833867,0.856711,0.039963
430.000000,5.766325,1.303479,0.310483
440.000000,5.899712,1.687033,0.480683
450.000000,5.878065,1.905313,0.636654
460.000000,5.902699,1.971298,0.672810
470.000000,5.692124,2.054600,0.646582
480.000000,5.237365,2.023814,0.539167
490.000000,4.758615,1.809769,0.400517
500.000000,4.303153,1.549046,0.143162
510.000000,3.998275,1.364991,-0.090446
520.000000,3.907825,1.231632,-0.182529
530.000000,3.750532,1.043106,-0.109316
540.000000,3.368415,0.732708,0.008436
550.000000,2.741414,0.327404,-0.001132
560.000000,1.969857,-0.077270,-0.155109
570.000000,1.185607,-0.366533,-0.265190
580.000000,0.564054,-0.593518,-0.321974
590.000000,-0.002074,-0.892980,-0.400901
600.000000,-0.685848,-1.154151,-0.413786
610.000000,-1.295816,-1.262131,-0.373066
620.000000,-1.643753,-1.247881,-0.329877
630.000000,-1.803491,-1.181102,-0.224995
640.000000,-1.872251,-1.115742,-0.076800
650.000000,-1.863530,-1.114765,-0.002629
660.000000,-1.804938,-1.183825,-0.039966
670.000000,-1.770676,-1.236884,-0.139235
680.000000,-1.816326,-1.242263,-0.329967
690.000000,-1.904810,-1.180707,-0.547487
700.000000,-1.868900,-1.055517,-0.587810
710.000000,-1.690858,-0.944430,-0.430915
720.000000,-1.629554,-0.854410,-0.196428
730.000000,-1.721653,-0.747194,-0.017041
740.000000,-1.747000,-0.617069,0.101693
750.000000,-1.603268,-0.551506,0.134640
760.000000,-1.340022,-0.528754,0.076071
770.000000,-1.061569,-0.455870,0.025590
780.000000,-0.908870,-0.350787,-0.025599
790.000000,-0.898992,-0.264674,0.002795
800.000000,-0.960935,-0.209406,0.159231
810.000000,-1.010534,-0.173354,0.337039
820.000000,-1.054388,-0.155848,0.390144
830.000000,-1.007209,-0.152093,0.328291
840.000000,-0.832220,-0.150094,0.227259
850.000000,-0.568137,-0.102463,0.103847
860.000000,-0.262360,-0.069397,0.048881
870.003540,-0.039299,-0.074563,-0.000174
880.003540,0.033575,-0.079800,-0.132298
890.003540,0.000084,-0.076298,-0.265984
900.003540,-0.127946,-0.098821,-0.257553
910.003540,-0.268338,-0.088212,-0.122620
920.003540,-0.375012,-0.082953,0.041465
930.003540,-0.343844,-0.032605,0.152682
940.003540,-0.221004,0.021128,0.196278
950.003540,-0.023833,0.009396,0.159807
960.003540,0.062470,-0.019337,0.052861
970.003540,0.091392,0.033008,-0.057982
980.003540,0.059721,0.054802,0.051208
990.003540,0.057049,0.010182,0.240239
1000.003540,0.026210,-0.006167,0.410506
1010.003540,-0.043760,-0.000711,0.461041
1020.003540,-0.122373,0.017554,0.341692
1030.003540,-0.224585,0.007921,0.160104
1040.003540,-0.296640,-0.001197,-0.044664
1050.003540,-0.233969,0.024795,-0.140618
1060.003540,0.002856,0.047941,-0.148797
1070.003540,0.210075,0.031102,-0.132837
1080.003662,0.302595,0.030591,-0.064515
1090.003662,0.194098,0.029511,-0.013749
1100.003662,-0.008306,0.017789,-0.014421
1110.003662,-0.122934,-0.003537,-0.027962
1120.003662,-0.094411,0.005172,-0.049474
1130.003662,0.013330,0.022365,-0.062926
1140.003662,0.098189,0.019661,-0.060322
1150.003662,0.130450,0.005102,-0.036560
1160.003662,0.127958,0.030402,-0.033014
1170.003662,0.074828,0.045494,0.035210
1180.003662,-0.002326,0.045698,0.161320
1190.003662,-0.095761,0.067248,0.313103
1200.003662,-0.144623,0.054850,0.466156
1210.003662,-0.112526,0.033704,0.539570
1220.003662,-0.060236,0.046818,0.485338
1230.003662,-0.007236,0.034269,0.317216
1240.003662,0.034201,0.024027,0.083313
1250.003662,0.074710,0.040387,-0.092782
1260.003662,0.126861,0.062086,-0.188945
1270.003662,0.137285,0.064107,-0.202145
