0.000000,0.069899,0.012353,0.266975
10.000000,-0.105457,0.032897,0.217609
20.000000,-0.162624,0.034770,0.153069
30.000000,-0.131731,0.070911,0.182961
40.000000,-0.106459,0.088473,0.318953
50.000000,-0.224456,0.051688,0.399480
60.000000,-0.367042,-0.053773,0.310903
70.000000,-0.396708,-0.039540,0.028090
80.000000,-0.396556,-0.044762,-0.325191
90.000000,-0.519521,-0.168522,-0.545837
100.000000,-0.757063,-0.290350,-0.670267
110.000000,-0.985844,-0.399427,-0.720416
120.000000,-1.335878,-0.611572,-0.685783
130.000000,-2.033429,-0.941150,-0.678661
140.000000,-2.832077,-1.165721,-0.546630
150.000000,-3.430639,-1.334888,-0.188935
160.000000,-3.986855,-1.665190,0.114169
170.000000,-4.653342,-2.095211,0.195454
180.000000,-5.214295,-2.548350,0.209313
190.000000,-5.217999,-2.938560,-0.055425
200.000000,-4.632743,-3.085253,-0.844045
210.000000,-3.164187,-3.117750,-1.880131
220.000000,-2.067970,-3.065428,-2.741498
230.000000,-2.033153,-3.092215,-3.154625
240.000000,-2.630048,-3.354539,-2.967564
250.000000,-3.592787,-3.781802,-2.336616
260.000000,-4.520596,-4.397765,-1.711949
270.000000,-4.784950,-5.047600,-1.314633
280.000000,-3.941860,-5.411250,-1.039857
290.000000,-1.926966,-5.236280,-0.661050
300.000000,1.343341,-4.608390,-0.184412
310.000000,5.747578,-3.321954,0.297099
320.000000,10.338488,-0.944992,0.916353
330.000000,13.998618,1.978135,1.643349
340.003784,15.681596,4.124743,2.349597
350.003784,14.578882,4.629112,2.808700
360.003784,10.996850,3.767887,2.618195
370.003784,6.859877,2.575547,1.607208
380.003784,4.113941,1.831106,0.108536
390.003784,3.237043,1.731897,-1.261467
400.003784,3.942115,2.190323,-1.973413
410.003784,5.565835,2.859437,-1.853352
420.003784,7.141299,3.333791,-1.219244
430.003784,7.932930,3.450395,-0.550747
440.003784,7.803578,3.114952,-0.180381
450.003784,6.979215,2.393228,-0.264919
460.003784,5.631064,1.463300,-0.773519
470.003784,3.840748,0.543140,-1.326264
480.003784,1.897294,-0.186386,-1.343073
490.003784,0.143774,-0.881937,-0.648800
500.003784,-1.270502,-1.346134,0.287816
510.003784,-2.057294,-1.426930,1.062454
520.003784,-2.132212,-1.333019,1.478157
530.003784,-1.602057,-1.192810,1.639569
540.003784,-1.013004,-1.108831,1.512495
550.003784,-0.863923,-1.214311,1.045553
560.003784,-1.218072,-1.399930,0.476344
570.003784,-1.867503,-1.629400,0.013027
580.003784,-2.653155,-1.756874,-0.215211
590.003784,-3.065037,-1.739248,-0.201050
600.003784,-3.157982,-1.618777,0.031792
610.003784,-2.723153,-1.525203,0.365050
620.003784,-1.877272,-1.343812,0.548761
630.003784,-1.114247,-1.071966,0.493238
640.003784,-0.852883,-0.983568,0.353740
650.003784,-0.923251,-0.988605,0.126313
660.003784,-1.094406,-1.030061,-0.023162
670.003784,-1.137244,-1.020571,-0.099069
680.003784,-1.314815,-0.993339,-0.201379
690.003784,-1.542932,-0.985654,-0.381853
700.003784,-1.761892,-1.020872,-0.533467
710.003784,-2.047284,-1.042326,-0.637518
720.003784,-1.919246,-0.974172,-0.558524
730.003784,-1.145529,-0.832858,-0.405315
740.003784,-0.232404,-0.570354,-0.266323
750.003784,0.399916,-0.287049,-0.113548
760.003784,0.434432,-0.290547,-0.147255
770.003784,-0.176863,-0.445305,-0.274206
780.003784,-0.828948,-0.529397,-0.249832
790.003906,-1.210888,-0.554771,-0.168659
800.003906,-1.291562,-0.468108,-0.098157
810.003906,-0.982782,-0.349978,-0.095421
820.003906,-0.569364,-0.300053,-0.152123
830.003906,-0.297285,-0.214272,-0.241829
840.003906,0.002250,-0.098516,-0.268160
850.003906,0.305144,-0.014083,-0.166279
860.003906,0.381210,0.062995,-0.019977
870.003906,0.296589,0.096809,0.078037
880.003906,0.080245,0.092920,0.063377
890.003662,-0.185190,0.091541,-0.020400
900.003906,-0.477425,0.063953,-0.044242
910.003662,-0.687541,0.017059,-0.066852
920.003906,-0.622273,0.012625,-0.152487
930.003662,-0.181699,0.103229,-0.163505
940.003906,0.527065,0.282353,0.022018
950.003662,1.033269,0.426280,0.301033
960.003906,0.967242,0.403173,0.402322
970.003662,0.484070,0.237159,0.276680
980.003906,-0.059189,0.077129,0.135925
990.003662,-0.469402,0.040680,0.073394
1000.003906,-0.625470,0.057989,0.084425
1010.003662,-0.497773,0.046213,0.127167
1020.003906,-0.238712,0.025550,0.118584
1030.003662,-0.079392,-0.002209,0.046133
1040.003906,-0.099428,-0.022605,-0.055769
1050.003662,-0.013427,0.016007,-0.102408
1060.003906,0.196061,0.074558,-0.065174
1070.003662,0.300440,0.087775,-0.009241
1080.003906,0.171172,0.072706,0.036617
1090.003662,0.050696,0.056374,0.041714
1100.003906,-0.039793,0.048522,0.074570
1110.003662,-0.190893,0.049701,0.136055
1120.003906,-0.396709,0.020807,0.122426
1130.003662,-0.518974,-0.046441,0.035504
1140.003906,-0.559400,-0.090697,-0.043596
1150.003662,-0.391932,-0.064556,-0.123077
1160.003906,-0.185053,-0.001091,-0.180741
1170.003662,-0.053052,0.015010,-0.149704
1180.003906,0.097013,0.047281,-0.051755
1190.003662,0.290417,0.091236,0.066590
1200.003906,0.304980,0.123916,0.197859
1210.003662,0.161903,0.166349,0.336889
1220.003906,-0.091160,0.119541,0.388126
1230.003662,-0.297793,0.046750,0.238201
1240.003906,-0.418039,-0.014504,-0.007782
1250.003662,-0.366961,-0.044384,-0.255916
1260.003906,-0.158284,0.024346,-0.432689
1270.003662,0.028593,0.039857,-0.419710
