0.000000,0.092716,0.001934,0.075872
10.000000,0.005661,0.010800,0.028943
20.000000,-0.058011,0.014259,-0.006571
30.000000,-0.115801,0.015229,-0.058606
40.000000,-0.149731,0.026238,-0.109731
50.000000,-0.061109,0.042206,-0.143598
60.000000,0.145773,0.053753,-0.145803
70.000000,0.279373,0.079169,-0.080990
80.000000,0.307746,0.103661,0.030336
90.000000,0.243988,0.083491,0.109287
100.000000,0.075095,0.054418,0.136212
110.000000,-0.130856,0.049521,0.144811
120.000000,-0.286081,0.028862,0.140478
130.000000,-0.367315,-0.009249,0.124703
140.000000,-0.385245,-0.031896,0.067086
150.000000,-0.465036,-0.074271,-0.037908
160.000000,-0.708722,-0.163968,-0.140270
170.000000,-1.144667,-0.303114,-0.242592
180.000488,-1.754511,-0.505597,-0.327969
190.000000,-2.489346,-0.833051,-0.378299
200.000000,-3.191016,-1.158717,-0.555353
210.000000,-3.579289,-1.316070,-0.709053
220.000488,-3.367626,-1.338345,-0.682404
230.000000,-2.585841,-1.375560,-0.589009
240.000000,-1.708486,-1.328363,-0.524125
250.000000,-1.198573,-1.157650,-0.511015
260.000488,-1.144330,-1.219510,-0.555521
270.000000,-1.493466,-1.514266,-0.864127
280.000000,-1.969586,-1.565056,-1.308169
290.000000,-2.139121,-1.389699,-1.505023
300.000488,-1.963497,-1.371229,-1.417730
310.000000,-1.735648,-1.585686,-1.335967
320.000000,-1.655877,-1.801924,-1.307584
330.000000,-1.341660,-1.678220,-1.180253
340.000488,-0.175509,-1.286020,-0.667822
350.000000,1.460517,-1.021073,0.274804
360.000000,2.749916,-0.753694,1.201549
370.000000,3.430583,-0.515957,1.632225
380.000488,3.232993,-0.218166,1.584658
390.000000,2.783850,0.076159,1.322408
400.000000,2.650450,0.359273,1.125751
410.000000,2.886958,0.594769,1.037062
420.000488,3.143291,0.776267,1.055550
430.000000,3.208372,0.982509,1.137088
440.000000,3.398641,1.206641,1.253590
450.000000,3.924084,1.408093,1.456867
460.000488,4.558367,1.608777,1.484354
470.000000,5.040803,1.746554,1.174480
480.000000,5.277555,1.853722,0.877021
490.000000,5.254751,2.066549,0.789329
500.000488,5.052740,1.924240,0.842599
510.000000,4.588335,1.454917,0.645427
520.000000,3.993513,1.098687,0.291755
530.000000,3.507167,0.913282,-0.127768
540.000488,3.115927,0.726996,-0.484204
550.000000,2.766533,0.495322,-0.713840
560.000000,2.479400,0.263935,-0.737664
570.000000,2.252428,0.039739,-0.676515
580.000488,2.026875,-0.177557,-0.638583
590.000000,1.597717,-0.420651,-0.663760
600.000000,1.005951,-0.689572,-0.728064
610.000000,0.434255,-0.890200,-0.823297
620.000488,-0.043651,-0.993034,-0.835818
630.000000,-0.458884,-1.052914,-0.776447
640.000000,-0.800512,-1.056256,-0.641273
650.000000,-1.013888,-1.042750,-0.470630
660.000488,-1.211460,-1.083490,-0.372919
670.000000,-1.494374,-1.082144,-0.263330
680.000000,-1.759778,-1.023584,-0.120766
690.000000,-1.926762,-1.024719,-0.080828
700.000488,-2.037863,-1.029101,-0.146836
710.000000,-2.029366,-0.963202,-0.192425
720.000000,-1.854687,-0.866849,-0.135713
730.000000,-1.610867,-0.778128,-0.026982
740.000488,-1.434055,-0.722969,0.024795
750.000000,-1.427498,-0.710818,-0.021587
760.000000,-1.540260,-0.713566,-0.131558
770.000000,-1.616505,-0.672922,-0.199620
780.000488,-1.581503,-0.573960,-0.120364
790.000000,-1.492798,-0.443476,0.089791
800.000000,-1.394867,-0.320673,0.367453
810.000000,-1.224696,-0.248828,0.638293
820.000488,-0.969419,-0.196601,0.751305
830.000000,-0.746495,-0.146152,0.645292
840.000000,-0.559578,-0.111854,0.405580
850.000000,-0.447189,-0.099695,0.131160
860.000488,-0.443946,-0.095388,-0.142829
870.000000,-0.510276,-0.077319,-0.301153
880.000000,-0.589550,-0.061980,-0.301996
890.000000,-0.631415,-0.104147,-0.219746
900.000488,-0.631167,-0.098351,-0.157886
910.000000,-0.484539,-0.078619,-0.085205
920.000000,-0.228663,-0.059763,-0.041975
930.000000,0.119776,-0.014096,-0.008534
940.000488,0.406480,0.015824,0.037039
950.000000,0.446913,0.014286,0.101791
960.000000,0.201361,0.020447,0.194939
970.000000,-0.182539,-0.013495,0.234665
980.000488,-0.512613,-0.054319,0.169653
990.000000,-0.754252,-0.038201,0.045662
1000.000000,-0.695500,-0.045422,-0.074792
1010.000000,-0.338797,-0.014149,-0.185337
1020.000488,0.055486,0.060363,-0.183094
1030.000000,0.372000,0.078145,-0.017274
1040.000000,0.530179,0.069717,0.070168
1050.000000,0.395573,0.064940,0.044146
1060.000488,0.221892,0.111230,0.017549
1070.000000,0.065606,0.077170,-0.022588
1080.000000,-0.026730,0.035480,-0.065491
1090.000000,-0.145868,0.013254,-0.110761
1100.000488,-0.265361,0.006492,-0.141941
1110.000000,-0.313385,0.006184,-0.119537
1120.000000,-0.242272,-0.015640,-0.021615
1130.000000,-0.074514,0.024415,0.063604
1140.000488,0.179671,0.032425,0.111206
1150.000000,0.348008,0.030760,0.147267
1160.000000,0.343200,0.051588,0.186375
1170.000000,0.202971,0.098357,0.179437
1180.000488,0.085296,0.102378,0.115413
1190.000000,0.007879,0.090577,-0.027679
1200.002441,-0.101052,0.081648,-0.152723
1210.002441,-0.213252,0.059714,-0.230234
1220.002441,-0.195486,0.029392,-0.216069
1230.002441,-0.120694,0.001094,-0.115361
1240.002441,-0.029925,-0.007511,0.008058
1250.002441,0.079670,0.009713,0.089625
1260.002441,0.230454,0.032429,0.154603
1270.002441,0.280058,0.045931,0.216765
