0.000000,0.081654,-0.005149,-0.084829
10.000000,-0.008326,-0.043782,-0.066737
20.000000,-0.086479,-0.067339,-0.037695
30.000000,-0.217629,-0.058162,0.009165
40.000000,-0.305903,-0.060012,0.076582
50.000000,-0.323770,-0.102061,0.092660
60.000977,-0.351300,-0.155798,0.034179
70.000000,-0.410497,-0.169620,-0.093154
80.000000,-0.463755,-0.177145,-0.129208
90.000000,-0.498779,-0.219740,-0.087404
100.000000,-0.752122,-0.259678,-0.040243
110.000000,-1.309063,-0.307038,0.076006
120.000000,-1.873870,-0.394441,0.341993
130.000000,-2.120811,-0.516536,0.689769
140.000977,-2.129085,-0.659058,0.937840
150.000000,-2.144143,-0.740881,0.935551
160.000000,-2.217216,-0.843943,0.627743
170.000000,-2.326521,-0.975922,0.113989
180.000000,-2.570785,-1.103777,-0.430299
190.000000,-2.960339,-1.329443,-0.882848
200.000000,-3.308009,-1.695023,-1.247654
210.000000,-3.319566,-2.004938,-1.548644
220.000977,-3.003376,-2.161143,-1.770316
230.000000,-2.447082,-2.258473,-1.816691
240.000000,-1.638429,-2.380462,-1.704331
250.000000,-0.809801,-2.468647,-1.557277
260.000000,0.206325,-2.223433,-1.300460
270.000000,1.494702,-1.666069,-0.783544
280.000000,2.375614,-1.195709,-0.095228
290.000000,2.580342,-0.914736,0.408823
300.000977,2.401019,-0.780160,0.497788
310.000000,2.096217,-0.694881,0.287993
320.000000,1.972628,-0.434052,0.041022
330.000000,2.385004,-0.018093,0.105758
340.000000,3.510487,0.463370,0.590892
350.000000,5.025042,1.072321,1.221717
360.000000,6.305258,1.622493,1.628564
370.000000,6.901741,1.826681,1.616680
380.000977,6.735099,1.868093,1.279859
390.000000,5.964872,1.992653,0.935360
400.000000,4.992722,2.043009,0.822023
410.000000,4.222589,1.787082,0.908418
420.000000,3.659475,1.414755,1.068396
430.000000,3.259090,1.166872,1.115714
440.000000,3.068953,1.002273,0.947426
450.000000,2.931473,0.868480,0.703906
460.000977,2.715819,0.717855,0.482492
470.000000,2.428344,0.466375,0.227423
480.000000,2.051580,0.196496,-0.054957
490.000000,1.626020,-0.060486,-0.321954
500.000000,1.176027,-0.329823,-0.598917
510.000000,0.621798,-0.639266,-0.847039
520.000000,0.013706,-0.835912,-1.010461
530.000000,-0.553216,-0.948511,-1.052242
540.000977,-0.868227,-0.944349,-0.870896
550.000000,-0.869290,-0.960867,-0.635692
560.000000,-0.765670,-0.951890,-0.455859
570.000000,-0.732438,-0.833072,-0.317193
580.000000,-0.737845,-0.667553,-0.214983
590.000000,-0.755976,-0.656503,-0.132922
600.000000,-0.702067,-0.732349,-0.135669
610.000000,-0.741116,-0.776925,-0.174217
620.000977,-0.970627,-0.884376,-0.142665
630.000000,-1.175003,-0.834150,-0.092332
640.000000,-1.256971,-0.629557,-0.011510
650.000000,-1.257235,-0.416393,0.022851
660.000000,-1.155002,-0.283980,0.008183
670.000000,-1.003585,-0.218086,-0.020255
680.000000,-0.744190,-0.172919,0.001291
690.000000,-0.484248,-0.184839,0.178701
700.000977,-0.194357,-0.292735,0.406959
710.000000,-0.109872,-0.332826,0.585302
720.000000,-0.207474,-0.269358,0.632657
730.000000,-0.313922,-0.224337,0.408779
740.000000,-0.406294,-0.157467,0.067914
750.000000,-0.506177,-0.090276,-0.171663
760.000000,-0.529292,-0.061157,-0.174023
770.000000,-0.383941,-0.060472,-0.036820
780.000977,-0.141374,-0.048472,0.126022
790.000000,0.081850,-0.013652,0.303811
800.000000,0.281401,-0.023083,0.376002
810.000000,0.257304,-0.090576,0.325141
820.000000,0.052768,-0.192235,0.215521
830.000000,-0.362223,-0.282052,0.076353
840.000000,-0.697896,-0.272282,-0.005160
850.000000,-0.808515,-0.211637,-0.038661
860.000977,-0.673385,-0.204424,-0.095571
870.000000,-0.430017,-0.201351,-0.161793
880.000000,-0.164936,-0.142010,-0.183013
890.000000,0.030481,-0.096478,-0.171844
900.000000,0.041014,-0.094507,-0.184095
910.000000,-0.112889,-0.131671,-0.259598
920.000000,-0.319722,-0.184113,-0.366014
930.000000,-0.440061,-0.202255,-0.426859
940.000977,-0.408859,-0.218215,-0.473263
950.000000,-0.284303,-0.234919,-0.529871
960.000000,-0.068929,-0.188103,-0.484982
970.000000,0.251610,-0.117160,-0.312496
980.000000,0.481340,-0.092313,-0.050782
990.000000,0.493076,-0.038227,0.256652
1000.000000,0.403527,0.012888,0.437298
1010.000000,0.254305,0.026878,0.413636
1020.000977,0.054858,0.037601,0.267027
1030.000000,-0.113854,0.044060,0.091900
1040.000000,-0.200596,0.043831,-0.043379
1050.000977,-0.168801,0.054423,-0.088436
1060.000000,0.023910,0.048948,-0.080935
1070.000000,0.323325,0.045372,-0.015334
1080.000977,0.644932,0.065561,0.025756
1090.000000,0.719823,0.081945,0.004862
1100.000977,0.570788,0.074085,0.015725
1110.000000,0.370548,0.042191,0.112241
1120.000000,0.147776,0.014823,0.241560
1130.000977,-0.004541,0.004143,0.407262
1140.000000,-0.105337,-0.011683,0.491529
1150.000000,-0.135140,-0.018699,0.445717
1160.000977,-0.099225,-0.016981,0.305585
1170.000000,0.076357,0.036315,0.176938
1180.000977,0.303562,0.088498,0.114747
1190.000000,0.509746,0.126554,0.053233
1200.000000,0.558842,0.154158,0.048498
1210.000977,0.500046,0.115974,0.065543
1220.000000,0.360255,0.050746,0.030765
1230.000000,0.211793,0.014109,0.026325
1240.000977,0.140428,0.007778,0.028880
1250.000000,0.145650,-0.034513,-0.020768
1260.000977,0.170652,-0.051360,-0.083397
1270.000000,0.231033,-0.041652,-0.096434
