0.000000,0.335884,-0.016955,-0.105057
10.000000,0.295316,-0.029814,-0.013749
20.000977,0.077527,-0.033193,0.034468
30.000000,-0.108754,-0.032768,0.052749
40.000977,-0.201582,-0.044305,0.081441
50.000000,-0.227157,-0.056424,0.111423
60.000000,-0.216222,-0.070382,0.128341
70.000977,-0.187832,-0.059847,0.089734
80.000000,-0.204069,-0.052226,0.116110
90.000000,-0.222976,-0.009700,0.202587
100.000977,-0.186134,-0.006711,0.227424
110.000000,-0.225097,-0.041437,0.112197
120.000977,-0.365357,-0.043158,0.006675
130.000000,-0.504726,-0.074557,-0.052958
140.000000,-0.775815,-0.112901,-0.042361
150.000977,-1.097688,-0.231607,-0.015528
160.000000,-1.395126,-0.304541,0.059148
170.000000,-1.713285,-0.340541,0.187053
180.000977,-2.190767,-0.494401,0.394920
190.000000,-2.772770,-0.732169,0.628367
200.000977,-3.287066,-0.964868,0.722680
210.000000,-3.591757,-1.180054,0.557710
220.000000,-3.582237,-1.316835,0.102049
230.000977,-3.088898,-1.332168,-0.365192
240.000000,-2.150412,-1.320451,-0.434184
250.000000,-1.463908,-1.287893,-0.233370
260.000977,-1.226523,-1.300575,-0.175501
270.000000,-1.186667,-1.379705,-0.341107
280.000977,-1.465048,-1.514235,-0.738427
290.000000,-1.936611,-1.640449,-1.265156
300.000000,-2.139377,-1.734796,-1.526945
310.000977,-1.836344,-1.732389,-1.412574
320.000000,-1.053562,-1.658337,-1.165892
330.000000,-0.128177,-1.525207,-0.938705
340.000977,0.922211,-1.241138,-0.756363
350.000000,2.657767,-0.920477,-0.499401
360.000977,4.814331,-0.361914,-0.197481
370.000000,6.620808,0.384106,-0.041615
380.000000,7.620051,0.896636,0.007201
390.000977,7.455150,1.123350,0.089496
400.000000,6.196328,1.141929,0.075693
410.000000,4.443257,1.109289,0.029568
420.000977,2.933176,1.095033,0.241271
430.000000,2.119569,1.029141,0.785094
440.000977,1.974404,1.004948,1.392849
450.000000,2.217306,1.084501,1.700543
460.000000,2.638868,1.163865,1.592290
470.000977,3.027294,1.169914,1.210906
480.000000,3.215600,1.131606,0.746605
490.000000,3.214344,1.043977,0.323718
500.000977,2.964572,0.859761,-0.063905
510.000000,2.490669,0.641126,-0.474168
520.000977,2.002602,0.404864,-0.876470
530.000000,1.511383,0.114577,-1.163484
540.000000,0.998761,-0.130513,-1.231769
550.000977,0.546792,-0.259952,-1.122258
560.000000,0.166987,-0.320714,-0.863448
570.000000,-0.062920,-0.360065,-0.522205
580.000977,-0.145518,-0.404415,-0.276299
590.000000,-0.327708,-0.430411,-0.192668
600.000977,-0.540981,-0.499909,-0.188538
610.000000,-0.526975,-0.633054,-0.212341
620.000000,-0.444384,-0.690125,-0.291235
630.000977,-0.413965,-0.691673,-0.410468
640.000000,-0.451264,-0.704366,-0.569508
650.000000,-0.668953,-0.761731,-0.673120
660.000977,-0.994847,-0.796664,-0.548802
670.000000,-1.108872,-0.772162,-0.272532
680.000977,-1.075349,-0.651514,0.075638
690.000000,-1.004677,-0.480805,0.359855
700.000000,-0.867265,-0.476160,0.573007
710.000977,-0.704417,-0.506788,0.702266
720.000000,-0.662408,-0.504748,0.656651
730.000000,-0.767432,-0.489738,0.526551
740.000977,-0.955675,-0.489971,0.329645
750.000000,-1.144224,-0.472978,0.047646
760.000977,-1.114477,-0.403927,-0.124527
770.000000,-1.006711,-0.329452,-0.051326
780.000000,-0.856247,-0.273969,0.038706
790.000977,-0.758082,-0.218711,0.154780
800.000000,-0.766752,-0.237790,0.204609
810.000000,-0.752637,-0.212048,0.237642
820.000977,-0.745694,-0.192542,0.248593
830.000000,-0.809533,-0.227771,0.143040
840.000977,-0.671440,-0.171807,0.073019
850.000000,-0.379235,-0.142036,0.018430
860.000000,-0.285970,-0.127153,-0.092890
870.000977,-0.221966,-0.084887,-0.197716
880.000000,-0.270422,-0.084162,-0.236367
890.000000,-0.380431,-0.116604,-0.185036
900.000977,-0.467011,-0.109888,-0.105753
910.000000,-0.357445,-0.054729,0.013643
920.000977,-0.147829,0.011281,0.164593
930.000000,-0.002928,0.012023,0.224690
940.000000,0.062457,0.017615,0.204324
950.000977,0.042707,0.025015,0.190551
960.000000,-0.086166,0.037459,0.196875
970.000000,-0.110775,0.032568,0.225685
980.000977,-0.042698,0.020881,0.230283
990.000000,0.050652,0.033379,0.194077
1000.000977,0.103948,0.023753,0.106837
1010.000000,0.117133,0.012013,-0.049921
1020.000000,0.125882,0.026430,-0.187830
1030.000977,0.075216,0.015045,-0.170227
1040.000000,-0.032539,-0.008912,-0.081802
1050.000000,-0.157323,-0.030531,-0.020890
1060.000977,-0.213133,-0.049725,-0.047741
1070.000000,-0.125941,-0.055051,-0.130880
1080.000977,0.053392,-0.061350,-0.216507
1090.000000,0.220807,-0.053584,-0.270585
1100.000000,0.297172,-0.034174,-0.265466
1110.000977,0.264962,-0.030728,-0.252276
1120.000000,0.134955,-0.053432,-0.252058
1130.000000,-0.014633,-0.091431,-0.183255
1140.000977,-0.139293,-0.098458,-0.012778
1150.000000,-0.144028,-0.074814,0.194781
1160.000977,-0.027072,-0.062673,0.369121
1170.000000,0.096590,-0.055746,0.447424
1180.000000,0.150171,-0.046525,0.411718
1190.000977,0.140434,-0.020564,0.315338
1200.000000,0.103872,0.022972,0.207009
1210.000000,0.090454,0.054536,0.150473
1220.000977,0.066938,0.049459,0.174542
1230.000000,0.026494,0.049451,0.175735
1240.000977,-0.006953,0.060002,0.130656
1250.000000,0.004076,0.050026,0.157266
1260.000000,0.012798,0.058369,0.253639
1270.000977,0.016822,0.070942,0.274817
