0.000000,0.217577,0.013235,0.077742
10.000000,0.214244,0.034909,0.056159
20.000000,0.105286,0.045109,0.026890
30.000000,-0.076417,0.023904,-0.056225
39.999756,-0.220329,0.000363,-0.130944
50.000244,-0.303300,-0.000336,-0.155963
59.999756,-0.316912,-0.001781,-0.098705
70.000244,-0.312850,-0.041274,-0.024875
79.999756,-0.336979,-0.076976,0.054815
90.000244,-0.381572,-0.090898,0.163180
99.999756,-0.381989,-0.080347,0.225565
110.000244,-0.376649,-0.081202,0.241546
119.999756,-0.394250,-0.121719,0.208715
130.000244,-0.414984,-0.139681,0.122131
139.999756,-0.403270,-0.149215,0.000823
150.000244,-0.418684,-0.196907,-0.145312
159.999756,-0.549070,-0.272876,-0.264216
170.000244,-0.797658,-0.406717,-0.309988
179.999756,-1.250721,-0.608190,-0.251220
190.000244,-2.066995,-0.881226,-0.019344
199.999756,-3.243825,-1.233773,0.391454
210.000244,-4.463861,-1.615166,0.679603
219.999756,-5.282738,-1.997952,0.544964
230.000244,-5.594199,-2.380687,0.056586
240.000244,-5.461523,-2.602609,-0.655059
250.000244,-4.839231,-2.662994,-1.454729
259.999756,-3.966619,-2.689747,-2.120071
270.004639,-3.107182,-2.750655,-2.481080
280.004150,-2.277017,-2.746741,-2.562511
290.004150,-1.183482,-2.492995,-2.385806
300.004639,-0.002625,-2.303919,-1.982559
310.004639,0.842094,-2.315204,-1.593978
320.004150,1.363081,-2.168877,-1.492131
330.004150,1.610797,-1.923111,-1.500057
340.004639,1.709941,-1.629178,-1.397397
350.004639,2.266489,-1.142196,-0.954198
360.004150,3.390130,-0.570746,-0.118672
370.004150,4.552236,-0.157798,0.804033
380.004639,5.321568,0.116320,1.459309
390.004639,6.271357,0.756813,1.905967
400.004150,7.283435,1.391876,2.062242
410.004150,8.005129,1.824407,1.864504
420.004639,8.035798,2.016939,1.419647
430.004639,7.274560,2.105418,0.727868
440.004150,6.139379,2.328462,0.161808
450.004150,5.130071,2.345099,0.200177
460.004639,4.437757,1.952556,0.531799
470.004639,3.990358,1.664451,0.713299
480.004150,3.792655,1.674704,0.738957
490.004150,3.837038,1.680765,0.844001
500.004639,3.890601,1.489400,0.889075
510.004639,3.662100,1.169975,0.659402
520.004150,3.181563,0.817928,0.358698
530.004150,2.601695,0.412293,0.068013
540.004639,1.987061,0.042511,-0.204935
550.004639,1.397572,-0.307962,-0.518569
560.004150,0.842901,-0.674299,-0.927573
570.004150,0.209031,-0.913976,-1.169407
580.004639,-0.414500,-1.044412,-1.090869
590.004639,-0.761512,-1.183413,-0.907147
600.004150,-0.936741,-1.303806,-0.879551
610.004150,-1.135249,-1.354867,-0.830895
620.004639,-1.281396,-1.466821,-0.794201
630.004639,-1.417719,-1.520526,-0.865460
640.004150,-1.479468,-1.450147,-0.907113
650.004150,-1.498270,-1.346804,-0.889694
660.004639,-1.645702,-1.218187,-0.758725
670.004639,-1.778121,-1.099476,-0.547301
680.004150,-1.738918,-1.033941,-0.345302
690.004150,-1.586952,-0.989727,-0.190974
700.004639,-1.373117,-0.994725,-0.072775
710.004639,-1.256951,-0.988861,-0.062782
720.004150,-1.287904,-0.911303,-0.137642
730.004150,-1.286896,-0.813185,-0.172603
740.004639,-1.237382,-0.745742,-0.098879
750.004639,-1.281996,-0.707184,0.025706
760.004150,-1.381968,-0.641598,0.195056
770.004150,-1.374954,-0.525341,0.421026
780.004639,-1.190234,-0.402293,0.588639
790.004639,-0.952458,-0.290874,0.647388
800.004150,-0.785399,-0.180515,0.646928
810.004150,-0.544458,-0.101577,0.568968
820.004639,-0.250119,-0.079582,0.376928
830.004639,-0.245578,-0.104472,0.114783
840.004150,-0.524004,-0.133786,-0.121465
850.004150,-0.773849,-0.123754,-0.249034
860.004639,-0.903566,-0.110687,-0.216917
870.004639,-0.912097,-0.072869,-0.061804
880.004150,-0.695779,-0.047061,0.053106
890.004150,-0.394075,-0.054157,0.104753
900.004639,-0.232359,-0.015630,0.124395
910.004639,-0.108065,0.039902,0.168238
920.004150,-0.027515,0.028743,0.229915
930.004150,-0.090103,-0.031318,0.193258
940.004639,-0.169082,-0.032931,0.033850
950.004639,-0.132589,-0.000231,-0.139376
960.004150,-0.063051,0.015816,-0.325397
970.004150,-0.069208,0.029337,-0.533606
980.004639,-0.064719,0.004982,-0.637561
990.004639,-0.063241,-0.041968,-0.561792
1000.004150,-0.082883,-0.080323,-0.354300
1010.004150,-0.021088,-0.060274,-0.172114
1020.004639,0.177293,0.002519,0.010569
1030.004639,0.380847,0.045903,0.226056
1040.004150,0.430309,-0.023794,0.414781
1050.004150,0.261350,-0.052515,0.465710
1060.004639,-0.036682,-0.046246,0.392318
1070.004639,-0.374838,-0.087616,0.229207
1080.004150,-0.494810,-0.067948,0.072948
1090.004150,-0.388259,-0.040917,-0.051408
1100.004639,-0.125169,0.010723,-0.177427
1110.004639,0.110108,0.043737,-0.329287
1120.004150,0.305464,0.041160,-0.303656
1130.004150,0.266383,0.013891,-0.068903
1140.004639,0.271192,0.030101,0.192558
1150.004639,0.230869,0.051505,0.287710
1160.004150,0.128866,0.038497,0.247401
1170.004150,0.053637,0.036362,0.165109
1180.004639,-0.061417,0.050518,0.048211
1190.004639,-0.210349,0.060512,0.025877
1200.004150,-0.217266,0.050158,0.030730
1210.004150,-0.005608,0.051769,0.027897
1220.004639,0.140417,0.056484,0.011533
1230.004639,0.164952,0.058082,-0.007630
1240.004150,0.175781,0.086318,-0.009859
1250.004150,0.175063,0.132554,0.059517
1260.004639,0.217059,0.068524,0.133150
1270.004639,0.185061,0.067882,0.140732
