0.000000,0.107230,0.056018,0.023427
10.000000,0.101871,0.090379,-0.067276
20.000000,0.043410,0.078469,-0.104947
30.000000,0.022203,0.027369,-0.075995
40.000000,0.031893,-0.008898,-0.022468
50.000000,0.007919,0.007139,0.021263
60.000000,-0.051689,0.030377,0.044603
70.000000,-0.139190,0.005335,0.034920
80.000000,-0.187545,-0.025101,0.025855
90.000000,-0.190594,-0.038102,0.081491
100.000000,-0.108244,-0.035904,0.141945
110.000000,0.023918,-0.042270,0.104684
120.000000,0.106906,-0.048771,0.022216
130.000000,0.110677,-0.044544,-0.053486
140.000000,0.103221,-0.046779,-0.095789
150.000000,0.038950,-0.034075,-0.072450
160.000000,-0.031354,-0.014504,0.027383
170.000000,-0.186170,-0.014099,0.141741
180.000000,-0.339392,-0.052201,0.202137
190.000000,-0.535167,-0.135178,0.258137
200.000000,-0.927263,-0.272680,0.340438
210.000000,-1.728410,-0.488064,0.605544
220.000000,-2.872092,-0.795499,1.134669
230.000000,-3.832574,-1.213545,1.717070
240.000000,-4.463858,-1.719597,2.097029
250.000000,-4.988525,-2.167664,2.083602
260.000000,-5.309532,-2.413548,1.409686
270.000000,-5.500223,-2.609621,0.312504
280.000000,-5.648434,-2.841455,-0.836026
290.000000,-5.530461,-2.916242,-1.809424
300.000000,-4.858470,-2.847545,-2.371490
310.000000,-3.907120,-2.852692,-2.446654
320.000000,-3.038847,-3.017149,-2.050623
330.000000,-2.030171,-3.045189,-1.230151
340.000000,-0.865861,-3.167944,-0.367979
350.000000,-0.294663,-3.249299,0.211932
360.000000,-0.414739,-3.034576,0.305774
370.000000,-0.405929,-2.690500,0.014211
380.000000,0.087941,-2.504982,-0.547993
390.000000,1.020002,-2.357317,-1.010898
400.000000,2.410942,-1.804247,-1.035779
410.000000,4.398832,-0.978800,-0.714832
420.000000,6.679350,-0.112271,-0.359674
430.000000,8.443309,0.598553,-0.087824
440.000000,9.462781,1.238149,-0.206111
450.000000,9.501106,1.683715,-0.828239
460.000000,8.811239,2.117564,-1.605503
470.000000,7.779871,2.292169,-1.969229
480.000000,6.724548,2.182252,-1.581790
490.000000,6.083630,2.024572,-0.747609
500.000000,6.058138,1.943785,-0.018512
510.000000,6.291017,1.934216,0.196895
520.000000,6.336375,1.943175,0.070477
530.000000,6.108540,1.864822,-0.084907
540.000000,5.760319,1.587329,-0.139893
550.000000,5.297327,1.151687,-0.184926
560.000000,4.682412,0.786774,-0.330264
570.000000,4.104464,0.506288,-0.537779
580.000000,3.701335,0.208276,-0.760513
590.000000,3.170197,-0.210599,-0.971124
600.000000,2.388712,-0.656519,-1.050339
610.000000,1.737138,-0.992243,-0.961551
620.000000,1.364724,-1.251575,-0.739441
630.000000,1.064547,-1.463798,-0.404890
640.000000,0.726684,-1.692360,-0.099418
650.000000,0.349106,-1.919133,0.065952
660.000000,-0.079678,-2.037956,0.081776
670.000000,-0.487706,-2.097392,-0.031905
680.000000,-0.824289,-2.129546,-0.192342
690.000000,-1.237594,-2.091454,-0.286783
700.000000,-1.746786,-2.004605,-0.255855
710.000000,-2.111465,-1.911354,-0.141804
720.000000,-2.262297,-1.873428,-0.065529
730.000000,-2.311968,-1.872661,-0.104583
740.000000,-2.313483,-1.838713,-0.170403
750.000000,-2.312033,-1.799365,-0.281646
760.000000,-2.450108,-1.687568,-0.477805
770.000000,-2.705202,-1.458019,-0.620413
780.000000,-2.795520,-1.263087,-0.627820
790.000000,-2.772885,-1.175962,-0.492543
800.000000,-2.793307,-1.174601,-0.324020
810.000000,-2.829330,-1.192091,-0.137838
820.000000,-2.733089,-1.162007,0.064669
830.000000,-2.440419,-1.114082,0.190434
840.000000,-2.161443,-1.075843,0.241810
850.000000,-2.044819,-0.988533,0.216991
860.000000,-1.987132,-0.868109,0.086125
870.000000,-1.968629,-0.771733,-0.059452
880.000000,-1.953805,-0.672259,-0.075717
890.000000,-1.868860,-0.580205,0.073702
900.000000,-1.728130,-0.507432,0.220879
910.000000,-1.544243,-0.418613,0.273386
920.000000,-1.251425,-0.288975,0.260488
930.000000,-0.808925,-0.174463,0.197249
940.000000,-0.397609,-0.081824,0.142091
950.000000,-0.001149,0.037754,0.216970
960.000000,0.268784,0.161337,0.415518
970.000000,0.243995,0.214292,0.591185
980.000000,0.053260,0.210780,0.572800
990.000000,-0.041415,0.207279,0.474360
1000.000000,-0.061996,0.211991,0.329356
1010.000000,-0.045354,0.191604,0.189674
1020.000000,0.047897,0.184224,0.113726
1030.000000,0.210469,0.192332,-0.036866
1040.000000,0.449097,0.231361,-0.124504
1050.000000,0.859042,0.268919,-0.108385
1060.000000,1.167101,0.288119,-0.011209
1070.000000,1.180567,0.253748,0.130784
1080.000000,0.697623,0.179534,0.173512
1090.000000,0.314970,0.156914,0.173380
1100.000000,0.029960,0.159083,0.116831
1110.000000,-0.181826,0.129695,0.008343
1120.000000,-0.263065,0.077867,-0.122497
1130.000000,-0.227361,0.025296,-0.218056
1140.000000,-0.128686,0.019614,-0.278958
1150.000000,0.031370,0.006047,-0.294177
1160.000000,0.092210,-0.018062,-0.269420
1170.000000,0.084800,-0.048242,-0.240771
1180.000000,-0.025596,-0.075397,-0.264925
1190.000000,-0.180573,-0.087585,-0.259355
1200.000000,-0.287439,-0.059617,-0.178425
1210.000000,-0.320584,-0.016272,-0.028255
1220.000000,-0.307639,-0.006291,0.170370
1230.000000,-0.202340,-0.014676,0.303449
1240.000000,-0.146221,-0.009286,0.288743
1250.000000,-0.116242,0.047231,0.184197
1260.000000,-0.131142,0.076810,0.065945
1270.000000,-0.182831,0.050198,-0.019538
