0.000000,-0.113116,0.066035,-0.136399
9.999756,-0.076910,0.028412,-0.127450
20.000000,0.006962,0.007336,-0.079245
29.999756,0.064707,0.021220,0.018752
40.000000,0.063520,0.029181,0.137272
49.999756,0.038390,0.003159,0.210812
60.000000,-0.061571,0.018456,0.231403
69.999756,-0.200079,0.025302,0.238789
80.000000,-0.245202,0.016092,0.192284
89.999756,-0.167493,0.010028,0.141574
100.000000,-0.084576,-0.007114,0.026378
109.999756,-0.037622,-0.027979,-0.041774
120.000000,0.025839,-0.009213,-0.081688
129.999756,0.031875,-0.043780,-0.123058
140.000000,-0.094270,-0.055628,-0.122699
149.999756,-0.153287,-0.057144,-0.068214
160.000000,-0.183204,-0.092834,-0.006204
169.999756,-0.321468,-0.151257,-0.012584
180.000000,-0.482820,-0.190403,-0.047020
189.999756,-0.691753,-0.242262,-0.104054
200.000000,-1.038779,-0.327681,-0.096367
209.999756,-1.481518,-0.488199,0.006537
220.000000,-2.150535,-0.710420,0.340483
229.999756,-3.033036,-0.937620,0.818018
240.000000,-3.760102,-1.158455,1.033005
249.999756,-4.080463,-1.393775,0.743166
260.000000,-4.124425,-1.746198,-0.018376
269.999756,-4.183364,-2.063369,-1.036794
280.000000,-4.121106,-2.198605,-2.069187
289.999756,-3.783861,-2.351904,-2.842467
300.000000,-3.478827,-2.600033,-3.348182
309.999756,-3.178003,-2.751508,-3.557025
320.000000,-2.850150,-2.933493,-3.422833
329.999756,-2.652233,-3.117076,-2.855984
340.000000,-2.399041,-3.258860,-2.009973
349.999756,-1.957954,-3.452287,-1.346179
360.000000,-1.396669,-3.488275,-1.057903
369.999756,-0.379280,-3.040150,-0.641207
380.000000,1.241162,-2.292822,0.334894
389.999756,3.065549,-1.642825,1.648623
400.000000,4.796878,-1.043099,2.805256
409.999756,6.271672,-0.301434,3.443296
420.000000,7.285838,0.462579,3.339765
429.999756,7.606287,1.058701,2.442408
440.000000,7.194573,1.407617,1.099570
449.999756,6.444118,1.532540,-0.119799
460.000000,5.729840,1.578537,-0.731063
469.999756,5.208218,1.605308,-0.593899
480.000000,4.963013,1.674600,-0.021926
489.999756,4.874527,1.833366,0.606297
500.000000,4.816156,1.938351,1.046830
509.999756,4.849191,1.940685,1.261008
520.000000,5.000638,1.993408,1.398695
529.999756,5.309379,2.088833,1.537416
540.000000,5.614942,2.050708,1.591349
549.999756,5.539774,1.805346,1.318466
560.000000,5.058668,1.456849,0.722352
569.999756,4.415722,1.051044,0.026022
580.000000,3.925571,0.699303,-0.484611
589.999756,3.615271,0.323775,-0.712122
600.000000,3.178814,-0.036337,-0.896927
609.999756,2.539946,-0.389369,-1.016291
620.000000,1.748449,-0.832528,-1.137075
629.999756,0.977908,-1.274229,-1.314694
640.000000,0.412698,-1.486182,-1.480509
649.999756,0.036656,-1.546607,-1.535403
660.000000,-0.445903,-1.643152,-1.463304
669.999756,-0.872802,-1.853655,-1.275293
680.000000,-1.472130,-2.051089,-1.076945
689.999756,-2.253168,-2.115733,-0.928441
700.000000,-2.960769,-2.000380,-0.887121
709.999756,-3.404703,-1.736943,-0.702006
720.004150,-3.577691,-1.618904,-0.423583
730.004150,-3.424932,-1.641922,-0.117218
740.004150,-3.062234,-1.665729,0.068884
750.004150,-2.749592,-1.598298,0.161985
760.004150,-2.427883,-1.494881,-0.024773
770.004150,-2.143623,-1.427588,-0.370077
780.004150,-1.961676,-1.363897,-0.591360
790.004150,-1.829627,-1.312469,-0.584829
800.004150,-1.816468,-1.219708,-0.482945
810.004150,-1.883624,-1.051898,-0.462405
820.004150,-1.849314,-0.949527,-0.453248
830.004150,-1.674829,-0.850317,-0.320092
840.004150,-1.342476,-0.710663,0.014706
850.004150,-0.903888,-0.642713,0.346489
860.004150,-0.632952,-0.555547,0.488825
870.004150,-0.478699,-0.426986,0.490557
880.004150,-0.389500,-0.343137,0.379657
890.004150,-0.442262,-0.296959,0.157116
900.004150,-0.439925,-0.250878,-0.042201
910.004150,-0.325942,-0.218528,-0.089683
920.004150,-0.336297,-0.146404,-0.009543
930.004150,-0.455622,-0.075672,0.062884
940.004150,-0.471553,-0.031036,0.169542
950.004150,-0.252240,0.045051,0.326917
960.004150,-0.017282,0.120750,0.443902
970.004150,0.062943,0.149272,0.417412
980.004150,0.028184,0.138323,0.201098
990.004150,-0.114338,0.136052,-0.044909
1000.004150,-0.293904,0.133300,-0.128909
1010.004150,-0.388107,0.107830,-0.041810
1020.004150,-0.397437,0.099408,0.062381
1030.004150,-0.367985,0.128002,0.059439
1040.004150,-0.257159,0.152646,-0.017588
1050.004150,-0.084915,0.156844,-0.096420
1060.004150,0.084279,0.180888,-0.076866
1070.004150,0.261130,0.199636,0.068460
1080.004150,0.351723,0.198383,0.234496
1090.004150,0.261648,0.228993,0.343137
1100.004150,0.111670,0.239097,0.362121
1110.004150,0.048648,0.211724,0.355208
1120.004150,0.000143,0.195735,0.375804
1130.004150,-0.080547,0.166360,0.378444
1140.004150,-0.128746,0.147640,0.303421
1150.004150,-0.104372,0.126042,0.222390
1160.004150,-0.083299,0.086796,0.135525
1170.004150,-0.024063,0.062193,0.048580
1180.004150,0.027329,0.033806,-0.023934
1190.004150,0.071283,0.014555,-0.082157
1200.004150,0.089434,0.019455,-0.151710
1210.004150,0.037419,0.003086,-0.196679
1220.004150,0.089847,0.009979,-0.167239
1230.004150,0.110405,-0.010728,-0.152408
1240.004150,-0.032735,-0.037366,-0.158204
1250.004150,-0.122129,-0.055491,-0.095155
1260.004150,-0.109435,-0.053542,-0.067283
1270.004150,-0.093466,-0.059695,-0.066209
