0.000000,-0.026195,0.152375,0.028680
10.000977,0.095997,0.134401,-0.035409
20.000000,0.132730,0.134679,-0.030659
30.000000,0.110304,0.154963,-0.008736
40.000000,0.096840,0.168635,-0.026861
50.000000,0.063289,0.131604,-0.055849
60.000977,-0.009423,0.062731,-0.047862
70.000000,-0.065588,0.026007,-0.053096
80.000000,-0.087660,0.023022,-0.096436
90.000977,-0.151477,0.018938,-0.103768
100.000000,-0.263624,-0.018325,-0.078851
110.000000,-0.357515,-0.070599,-0.089106
120.000000,-0.395787,-0.092153,-0.161823
130.000000,-0.443169,-0.099124,-0.239585
140.000977,-0.603707,-0.147454,-0.240164
150.000000,-0.800621,-0.204062,-0.156211
160.000000,-1.033944,-0.263824,-0.044483
170.000977,-1.340504,-0.375381,-0.018944
180.000000,-1.852321,-0.522626,-0.000892
190.000000,-2.555342,-0.707977,0.073928
200.000000,-3.381288,-0.993664,0.192833
210.000000,-4.128484,-1.384964,0.190870
220.000977,-4.631608,-1.758965,0.019090
230.000000,-4.799875,-2.050732,-0.382216
240.000000,-4.488184,-2.232835,-0.846896
250.000977,-3.266840,-1.919872,-1.130868
260.000000,-1.318285,-1.303101,-0.799304
270.000000,0.522063,-0.993909,-0.253152
280.000000,1.681072,-1.163669,-0.219859
290.000000,1.780652,-1.168252,-0.800717
300.000977,1.313938,-0.836215,-1.654979
310.000000,0.725985,-0.616685,-2.295363
320.000000,0.172507,-0.618170,-2.521590
330.000977,0.132786,-0.602892,-2.138491
340.000000,0.611978,-0.646896,-1.401818
350.000000,1.088667,-0.666484,-0.608156
360.000000,2.105737,-0.165649,0.332417
370.000000,3.777879,0.416631,1.348729
380.000977,5.332790,0.740269,1.999204
390.000000,6.163169,0.841111,2.105916
400.000000,6.112921,0.924453,1.658836
410.000977,5.220683,1.011688,0.775603
420.000000,4.113115,1.156056,-0.209285
430.000000,3.533986,1.319997,-0.816329
440.000000,3.527415,1.485497,-0.639720
450.000000,3.441516,1.559988,0.124900
460.000977,3.237732,1.415840,0.809795
470.000000,3.037936,1.193843,1.040088
480.000000,2.895875,1.193358,1.012439
490.000977,2.898184,1.260786,0.838023
500.000000,3.060072,1.239575,0.590571
510.000000,3.109415,1.075679,0.419589
520.000000,2.960597,0.690370,0.189520
530.000000,2.575326,0.261002,-0.089910
540.000977,1.982423,-0.093646,-0.475021
550.000000,1.380600,-0.304183,-1.010554
560.000000,0.848679,-0.348843,-1.494711
570.000977,0.367251,-0.390332,-1.686581
580.000000,-0.206355,-0.510200,-1.540382
590.000000,-0.684778,-0.637870,-1.076627
600.000000,-0.751617,-0.661850,-0.471647
610.000000,-0.586305,-0.640353,0.055928
620.000977,-0.579973,-0.663782,0.407151
630.000000,-0.684453,-0.792244,0.531191
640.000000,-0.865176,-0.988623,0.400054
650.000977,-1.284409,-1.114811,-0.000120
660.000000,-1.829838,-1.078215,-0.603040
670.000000,-2.225548,-0.927180,-1.104756
680.000000,-2.255886,-0.715702,-1.224046
690.000000,-1.917011,-0.549437,-0.933441
700.000977,-1.435924,-0.480886,-0.452421
710.000000,-1.074951,-0.461131,-0.082131
720.000000,-0.934646,-0.481264,0.099223
730.000977,-0.940895,-0.546639,0.169061
740.000000,-1.005742,-0.654794,0.149465
750.000000,-1.065343,-0.705726,-0.019331
760.000000,-1.073189,-0.581393,-0.242872
770.000000,-0.993783,-0.363746,-0.269769
780.000977,-0.844509,-0.209211,-0.155656
790.000000,-0.703561,-0.114103,-0.012954
800.000000,-0.609916,-0.025393,0.066699
810.000977,-0.508595,0.020807,-0.044403
820.000000,-0.405749,-0.028432,-0.311686
830.000000,-0.367844,-0.042368,-0.587988
840.000000,-0.426321,0.025861,-0.725131
850.000000,-0.446357,0.089992,-0.598253
860.000977,-0.384467,0.062899,-0.383596
870.000000,-0.317087,-0.008065,-0.190911
880.000000,-0.335005,-0.016064,-0.004375
890.000977,-0.408960,0.078770,0.142090
900.000000,-0.377575,0.149887,0.232905
910.000000,-0.300485,0.168853,0.276674
920.000000,-0.195371,0.175664,0.304508
930.000000,-0.133537,0.188698,0.270732
940.000977,-0.082828,0.182301,0.189494
950.000000,0.031874,0.209887,0.173189
960.000000,0.065920,0.226559,0.141399
970.000977,-0.009653,0.191728,0.142021
980.000000,-0.066988,0.147420,0.062523
990.000000,-0.204399,0.108196,-0.017094
1000.000000,-0.422206,0.064011,0.186397
1010.000000,-0.542307,-0.014211,0.275583
1020.000977,-0.593389,-0.039614,0.168512
1030.000000,-0.460408,0.067107,0.055023
1040.000000,-0.281571,0.131778,0.042395
1050.000977,0.048194,0.115760,0.107186
1060.000000,0.275232,0.066120,0.141319
1070.000000,0.309679,0.016088,0.229713
1080.000000,0.277947,0.003950,0.214545
1090.000000,0.175535,0.008414,0.009598
1100.000977,0.013220,0.015524,-0.300542
1110.000000,-0.003108,0.087101,-0.501402
1120.000000,0.153059,0.181405,-0.641693
1130.000977,0.298177,0.180731,-0.719807
1140.000000,0.320491,0.088034,-0.493224
1150.000000,0.197041,-0.011611,-0.044138
1160.000000,0.009782,-0.025191,0.430841
1170.000000,-0.095034,-0.043922,0.802873
1180.000977,-0.104231,-0.124692,0.923097
1190.000000,-0.088945,-0.214933,0.850185
1200.000000,-0.074655,-0.218252,0.698386
1210.000977,-0.092065,-0.112364,0.428690
1220.000000,-0.117277,0.011113,0.153063
1230.000000,-0.083822,0.109337,-0.047002
1240.000000,0.057276,0.185889,-0.206174
1250.000000,0.163351,0.223957,-0.361858
1260.000977,0.157721,0.212487,-0.474536
1270.000000,0.126002,0.151740,-0.461894
