0.000000,-0.091182,0.022305,-0.087297
10.000000,0.082374,0.039191,-0.167890
20.000000,0.215018,0.064728,-0.210036
30.000000,0.274326,0.092017,-0.164179
40.000000,0.254529,0.088850,-0.056201
50.000000,0.164889,0.067982,0.019944
59.999023,-0.001500,0.044402,0.029042
70.000000,-0.190602,0.007020,0.025235
80.000000,-0.334316,-0.026704,0.032948
90.000000,-0.408634,-0.053179,0.035662
100.000000,-0.438686,-0.081204,-0.014587
110.000000,-0.380286,-0.092741,-0.095205
120.000000,-0.271599,-0.092965,-0.130437
130.000000,-0.203623,-0.098839,-0.132527
139.999023,-0.238767,-0.110268,-0.141056
150.000000,-0.393909,-0.137366,-0.129906
160.000000,-0.692092,-0.211312,-0.056784
170.000000,-1.164006,-0.367815,0.082578
180.000000,-1.731865,-0.578279,0.196708
190.000000,-2.396043,-0.802551,0.162575
200.000000,-3.205307,-1.103756,-0.038016
210.000000,-4.024566,-1.444575,-0.434518
219.999023,-4.589171,-1.664435,-0.959229
230.000000,-4.721379,-1.772985,-1.362941
240.000000,-4.385643,-1.847607,-1.470453
250.000000,-3.436711,-1.847481,-1.187425
260.000000,-1.980159,-1.887229,-0.720108
270.000000,-0.823703,-1.912173,-0.459968
280.000000,-0.181944,-1.743360,-0.515132
290.000000,0.152952,-1.596510,-0.706299
299.999023,0.256738,-1.506084,-0.821208
310.000000,0.352008,-1.299196,-0.790263
320.000000,0.576290,-1.070658,-0.643857
330.000000,0.772115,-0.924364,-0.404898
340.000000,0.787676,-0.805055,-0.273981
350.000000,0.859054,-0.624914,-0.217648
360.000000,1.443399,-0.219285,0.075005
370.000000,3.165075,0.437269,0.778306
379.999023,5.428113,0.879658,1.433497
390.000000,6.791512,0.976964,1.463630
400.000000,7.056212,1.206333,1.011065
410.000000,6.613341,1.588928,0.553432
420.000000,5.904133,1.886584,0.219447
430.000000,5.336734,2.207358,0.221120
440.000000,4.781518,2.329595,0.746294
450.000000,4.244081,1.965806,1.237996
459.999023,3.785570,1.571198,1.300250
470.000000,3.363365,1.447723,1.026593
480.000000,3.142985,1.379971,0.582049
490.000000,3.116654,1.252430,0.253698
500.000000,2.974610,0.967563,-0.000404
510.000000,2.712445,0.607100,-0.251297
520.000000,2.406891,0.288869,-0.612051
530.000000,2.034670,0.011382,-1.030334
539.999023,1.509798,-0.295191,-1.323067
550.000000,0.940960,-0.512108,-1.454634
560.000000,0.393565,-0.658145,-1.256702
570.000000,-0.063674,-0.792762,-0.830310
580.000000,-0.350670,-0.880316,-0.277760
590.000000,-0.595947,-0.966144,0.149974
600.000000,-0.777042,-1.085248,0.312528
610.000000,-1.032607,-1.149888,0.242394
619.999023,-1.323210,-1.154987,-0.003661
630.000000,-1.609943,-1.137282,-0.280313
640.000000,-1.830516,-1.069236,-0.478728
650.000000,-1.858693,-0.933552,-0.481132
660.000000,-1.726754,-0.810272,-0.316006
670.000000,-1.513512,-0.751183,-0.136565
680.000000,-1.319372,-0.725434,-0.090514
690.000000,-1.234767,-0.694624,-0.158175
699.999023,-1.249655,-0.659857,-0.326796
710.000000,-1.234036,-0.620497,-0.518344
720.000000,-1.145000,-0.578263,-0.517840
730.000000,-1.083367,-0.498366,-0.311734
740.000000,-1.009974,-0.391724,-0.050106
750.000000,-0.880287,-0.282948,0.159832
760.000000,-0.763785,-0.170917,0.279980
770.000000,-0.709994,-0.116247,0.338812
779.999023,-0.702681,-0.139003,0.383900
790.000000,-0.685564,-0.163222,0.390526
800.000000,-0.646571,-0.147644,0.343289
810.000000,-0.659358,-0.107036,0.298804
820.000000,-0.764599,-0.067637,0.280186
830.000000,-0.875092,-0.050004,0.243484
840.000000,-0.856938,-0.030064,0.170223
850.000000,-0.593010,0.002062,0.148337
859.999023,-0.182490,-0.002577,0.165857
870.000000,0.096475,-0.011216,0.160637
880.000000,0.183302,0.022885,0.104449
890.000000,0.193324,0.083041,0.029408
900.000000,0.103663,0.112647,-0.060745
910.000000,0.022852,0.074820,-0.120206
920.000000,-0.011889,0.026635,-0.083003
930.000000,-0.138062,-0.013002,-0.035581
939.999023,-0.244704,-0.055151,-0.080045
950.000000,-0.293538,-0.043305,-0.202204
960.000000,-0.242408,0.022662,-0.264171
970.000000,-0.180312,0.027245,-0.166586
980.000000,-0.029264,0.010655,-0.054459
990.000000,0.225551,-0.001648,-0.017067
1000.000000,0.286150,0.026856,-0.016335
1010.000000,0.171827,0.029352,-0.059072
1019.999023,0.011171,-0.006962,-0.105796
1030.000000,-0.159498,-0.036598,-0.133359
1040.000000,-0.195012,-0.063587,-0.151997
1050.000000,-0.201530,-0.041634,-0.138115
1060.000000,-0.053821,0.000059,-0.039884
1070.000000,0.155166,0.021921,0.114129
1080.000000,0.272648,0.028788,0.167820
1090.000000,0.264318,0.052098,0.156462
1099.999023,0.226426,0.092183,0.144554
1110.000000,0.245436,0.109251,0.139774
1120.000000,0.240308,0.128021,0.144341
1130.000000,0.151426,0.140202,0.151493
1140.000000,0.041222,0.109361,0.100292
1149.999023,-0.042291,0.098045,0.017869
1160.000000,-0.083764,0.030392,-0.025966
1170.000000,-0.030034,0.024708,-0.015317
1179.999023,0.144176,0.094746,0.062428
1190.000000,0.333127,0.110890,0.133177
1199.999023,0.392243,0.068722,0.191707
1210.000000,0.270061,0.067010,0.207781
1220.000000,0.087120,0.065892,0.128678
1229.999023,-0.055932,0.023674,0.020236
1240.000000,-0.100694,0.029194,-0.101440
1250.000000,-0.059332,0.022181,-0.200729
1259.999023,0.016532,0.010337,-0.238936
1270.000000,0.154701,0.013227,-0.213321
