0.000000,0.170200,-0.003208,0.274161
10.000000,0.102527,0.009431,0.123920
19.999023,0.040872,-0.001830,0.000916
30.000000,-0.015363,0.002634,-0.087577
40.000000,-0.029201,0.014954,-0.075490
49.999023,0.012012,-0.016036,-0.004660
60.000000,0.058985,-0.025851,0.061762
69.999023,0.039629,-0.051652,0.091308
80.000000,0.001590,-0.068767,0.060838
90.000000,-0.045825,-0.096119,0.022375
99.999023,-0.169510,-0.125391,-0.062906
110.000000,-0.270192,-0.153189,-0.094056
120.000000,-0.346949,-0.184233,-0.093971
129.999023,-0.466178,-0.214807,-0.074449
140.000000,-0.619711,-0.263632,-0.060533
149.999023,-0.762610,-0.334399,-0.057810
160.000000,-0.941827,-0.407964,-0.081609
170.000000,-1.256648,-0.538064,-0.141747
179.999023,-1.837825,-0.780533,-0.249018
190.000000,-2.620911,-1.058246,-0.381944
200.000000,-3.288129,-1.274490,-0.498093
209.999023,-3.792543,-1.470264,-0.509398
220.000000,-4.007363,-1.569875,-0.443356
229.999023,-3.638079,-1.535043,-0.346606
240.000000,-2.955351,-1.545714,-0.254046
250.000000,-2.379387,-1.690374,-0.275550
259.999023,-2.011175,-1.926730,-0.547172
270.000000,-1.913489,-2.120583,-1.072426
280.000000,-2.031750,-2.169009,-1.667106
289.999023,-2.118214,-2.113457,-2.095265
300.000000,-1.875529,-1.979612,-2.055560
309.999023,-1.193359,-1.907497,-1.456611
320.000000,-0.487648,-2.029386,-0.632144
330.000000,-0.200715,-2.135110,-0.060104
339.999023,0.002249,-1.963544,0.166935
350.000000,0.599113,-1.500430,0.414052
360.000000,2.038431,-0.737937,0.938864
369.999023,4.212668,0.038945,1.713890
380.000000,6.300855,0.525541,2.429427
389.999023,7.671091,0.909682,2.623379
400.000000,8.004048,1.248856,2.273820
410.000000,7.618450,1.617642,1.555738
419.999023,6.822541,1.838131,0.713289
430.000000,5.726270,1.927619,-0.010368
440.000000,4.420242,1.937766,-0.296339
449.999023,3.455671,1.811454,-0.022083
460.000000,3.205047,1.487548,0.512801
469.999023,3.311107,1.271496,0.908909
480.000000,3.458648,1.265048,1.011308
490.000000,3.597677,1.301835,0.834658
499.999023,3.701322,1.170666,0.449648
510.000000,3.688480,0.937410,-0.006963
520.000000,3.422547,0.631704,-0.348080
529.999023,3.003932,0.181765,-0.530504
540.000000,2.326974,-0.256961,-0.735999
549.999023,1.523966,-0.384722,-0.951094
560.000000,1.038224,-0.369399,-0.953222
570.000000,0.850533,-0.484924,-0.678629
579.999023,0.737943,-0.653548,-0.333330
590.000000,0.520937,-0.835441,-0.248583
600.000000,0.111264,-0.896879,-0.411714
609.999023,-0.205512,-0.883820,-0.447767
620.000000,-0.199171,-0.984645,-0.460395
629.999023,-0.183000,-1.093282,-0.527017
640.000000,-0.445440,-1.174112,-0.796609
650.000000,-0.866851,-1.233204,-0.938388
659.999023,-1.255509,-1.259483,-0.799434
670.000000,-1.588584,-1.258274,-0.577051
680.000000,-1.843043,-1.158329,-0.235813
689.999023,-1.871439,-0.997203,0.070164
700.000000,-1.712832,-0.876885,0.244281
709.999023,-1.597860,-0.808354,0.256419
720.000000,-1.573079,-0.819749,0.175163
730.000000,-1.439810,-0.819453,0.008196
739.999023,-1.282629,-0.799339,-0.187642
750.000000,-1.134371,-0.718432,-0.298137
760.000000,-0.904057,-0.600632,-0.319296
769.999023,-0.735575,-0.528863,-0.260734
780.000000,-0.758440,-0.476671,-0.224401
789.999023,-0.778721,-0.403236,-0.175283
800.000000,-0.753813,-0.350553,-0.049350
810.000000,-0.900049,-0.312480,0.149399
819.999023,-1.112131,-0.281583,0.327267
830.000000,-1.164447,-0.287158,0.378795
840.000000,-1.084364,-0.304614,0.280229
849.999023,-0.966392,-0.311194,0.118524
860.000000,-0.793101,-0.279698,-0.005219
869.999023,-0.553398,-0.196020,-0.055410
880.000000,-0.313558,-0.124587,0.014936
890.000000,-0.131388,-0.110106,0.153965
899.999023,-0.041349,-0.095102,0.216534
910.000000,-0.120151,-0.072646,0.216137
920.000000,-0.352416,-0.077830,0.218585
929.999023,-0.563760,-0.083629,0.194144
940.000000,-0.629056,-0.102992,0.126642
949.999023,-0.553006,-0.146384,0.020348
960.000000,-0.374433,-0.161159,-0.103871
970.000000,-0.185582,-0.119370,-0.174908
979.999023,0.123581,-0.085314,-0.151689
990.000000,0.418221,-0.083397,-0.089257
1000.000000,0.501250,-0.071363,-0.053322
1009.999023,0.390142,-0.028663,-0.023433
1020.000000,0.192525,-0.030054,0.013926
1029.999023,0.000327,-0.036014,0.058717
1040.000000,-0.036697,-0.018199,0.077582
1050.000000,0.141544,-0.012134,0.044627
1059.999023,0.217355,-0.043401,-0.038707
1070.000000,0.134874,-0.074324,-0.168919
1080.000000,-0.009195,-0.078049,-0.249192
1089.999023,-0.037324,-0.070884,-0.214356
1100.000000,0.085049,-0.008637,-0.043228
1109.999023,0.232520,0.035722,0.172041
1120.000000,0.373205,0.018469,0.292543
1130.000000,0.337361,-0.050127,0.236473
1139.999023,0.078932,-0.073870,0.086777
1150.000000,-0.206375,-0.054201,-0.074926
1160.000977,-0.419306,-0.083242,-0.107110
1170.000000,-0.490230,-0.104863,-0.140258
1180.000977,-0.238770,-0.038867,-0.228896
1190.000977,0.022801,-0.024444,-0.075801
1200.000977,0.183256,-0.027406,0.244463
1210.000977,0.340714,-0.010057,0.500296
1220.000000,0.387281,0.012079,0.601243
1230.000977,0.273868,0.030110,0.500409
1240.000977,0.026249,0.041147,0.326520
1250.000000,-0.181845,0.040982,0.185474
1260.000977,-0.206645,0.034271,0.123322
1270.000977,-0.046054,0.047135,0.135631
