0.000000,0.212532,0.118545,0.173360
10.000000,0.125961,0.129063,-0.032241
20.000000,0.030797,0.117718,-0.241840
30.000000,-0.024375,0.059288,-0.268220
40.000000,-0.066304,0.054566,-0.179816
50.000000,-0.095559,0.050912,-0.077174
60.000000,-0.138614,0.056800,-0.039771
70.000000,-0.149724,0.030343,-0.043760
80.000000,-0.047834,-0.015779,-0.110359
90.000000,0.057290,-0.019423,-0.158238
100.000000,0.139409,0.008697,-0.102439
110.000000,0.218088,0.034610,0.009672
120.000000,0.159551,0.044109,0.160902
130.000000,-0.010711,0.076183,0.231005
140.000000,-0.173532,0.085324,0.194529
150.000000,-0.380214,0.056788,0.106085
160.000000,-0.679584,-0.005038,0.023126
170.000000,-1.083220,-0.123614,-0.031878
180.000000,-1.603648,-0.284330,0.053319
190.000000,-2.099209,-0.376362,0.329942
200.000000,-2.405715,-0.429819,0.687036
210.000000,-2.587501,-0.563242,0.959954
220.000000,-2.706745,-0.690489,1.034682
230.000000,-2.559284,-0.737400,0.897503
240.000000,-2.116629,-0.758351,0.600445
250.000000,-1.755172,-0.800683,0.203849
260.000000,-1.740565,-0.890291,-0.267690
270.000000,-2.127450,-1.020036,-0.842972
280.000000,-2.821790,-1.244177,-1.480069
290.000000,-3.479641,-1.610210,-2.013310
300.000000,-3.830880,-2.037801,-2.392219
310.000000,-3.677852,-2.373410,-2.605221
320.000000,-2.896766,-2.543809,-2.551174
330.000000,-1.713589,-2.482899,-2.124177
340.000000,-0.337332,-2.260535,-1.347432
350.000000,1.230790,-1.997120,-0.446163
360.000000,2.452262,-1.696016,0.170275
370.000000,2.725305,-1.412005,0.390770
380.000000,2.419605,-1.140347,0.377567
390.000000,1.998567,-0.919559,0.241817
400.000000,1.727466,-0.685643,0.087769
410.000000,1.763502,-0.529054,-0.030938
420.000000,2.084046,-0.329607,-0.145148
430.000000,2.879916,-0.197061,0.136718
440.000000,4.203148,0.361862,0.494550
450.000000,5.298676,0.873911,0.984174
460.000000,6.042995,1.419035,1.479895
470.000000,6.573203,1.840513,1.851393
480.000000,6.385359,1.890442,1.784292
490.000000,5.462841,1.783668,1.320251
500.000000,4.360940,1.560171,0.602734
510.000000,3.640805,1.296889,0.077626
520.000000,3.483870,1.194699,-0.019102
530.000000,3.850797,1.193887,0.168979
540.000000,4.282475,1.244439,0.484916
550.000000,4.506699,1.258026,0.697318
560.000000,4.418284,1.027444,0.611161
570.000000,3.986072,0.666416,0.427555
580.000000,3.479507,0.313367,0.212767
590.000000,2.844830,-0.062654,-0.123658
600.000000,1.984290,-0.564558,-0.479044
610.000000,0.964324,-0.938317,-0.722440
620.000000,0.094966,-1.202860,-0.774451
630.000000,-0.650604,-1.473882,-0.757876
640.000000,-1.274294,-1.582182,-0.578369
650.000000,-1.470155,-1.557895,-0.315380
660.000000,-1.333258,-1.545634,-0.167019
670.000000,-1.119623,-1.461079,-0.222003
680.000000,-0.927725,-1.330279,-0.376616
690.000000,-0.977549,-1.280882,-0.525521
700.000000,-1.172516,-1.349338,-0.556861
710.000000,-1.395626,-1.475063,-0.461403
720.000000,-1.675950,-1.518303,-0.318642
730.000000,-1.851620,-1.436081,-0.143237
740.000000,-1.759579,-1.271888,0.106204
750.000000,-1.498593,-1.087820,0.390492
760.000000,-1.405188,-1.000873,0.641273
770.000000,-1.617728,-1.001826,0.712635
780.000000,-1.925500,-0.994341,0.617768
790.000000,-2.054637,-0.919105,0.483060
800.000000,-1.885092,-0.795535,0.408973
810.000000,-1.518766,-0.678408,0.441896
820.000000,-1.172100,-0.585441,0.515021
830.000000,-0.918778,-0.499796,0.580384
840.000000,-0.732980,-0.429221,0.580809
850.000000,-0.650288,-0.396689,0.519262
860.000000,-0.709194,-0.404750,0.450620
870.000000,-0.804192,-0.405654,0.405634
880.000000,-0.782230,-0.369186,0.417806
890.000000,-0.656499,-0.339287,0.478447
900.000000,-0.520462,-0.330810,0.532378
910.000000,-0.399705,-0.319004,0.530989
920.000000,-0.298955,-0.310185,0.491386
930.000000,-0.253221,-0.323544,0.411063
940.000000,-0.219654,-0.317685,0.279341
950.000000,-0.100754,-0.244681,0.186315
960.000000,0.043057,-0.181275,0.192494
970.000000,0.163501,-0.179405,0.189406
980.000000,0.239509,-0.209745,0.123703
990.000000,0.274559,-0.163306,0.056220
1000.000000,0.279735,-0.139540,0.000180
1010.000000,0.184674,-0.201526,0.009397
1020.000000,0.037350,-0.181168,0.144080
1030.000000,0.045103,-0.118367,0.265179
1040.000000,0.243846,-0.119610,0.402636
1050.000000,0.456686,-0.116320,0.462743
1060.000000,0.550049,-0.091029,0.397200
1070.000000,0.461982,-0.122634,0.365746
1080.000000,0.158870,-0.151976,0.310877
1090.000000,-0.066586,-0.205612,0.177208
1100.000000,-0.239317,-0.199601,0.104189
1110.000000,-0.279237,-0.205945,0.118414
1120.000000,-0.250779,-0.222626,0.145687
1130.000000,-0.167262,-0.162520,0.106267
1140.000000,-0.034225,-0.173252,0.158357
1150.000000,0.006026,-0.207810,0.175065
1160.000000,-0.047741,-0.227224,0.197367
1170.000000,-0.078358,-0.189823,0.258380
1180.000000,-0.128851,-0.179614,0.274697
1190.000000,-0.217741,-0.184110,0.352317
1200.000000,-0.360183,-0.195511,0.397785
1210.000000,-0.445316,-0.209370,0.381191
1220.000000,-0.435216,-0.231171,0.284915
1230.000000,-0.354220,-0.206336,0.154272
1240.000000,-0.275755,-0.161106,0.082348
1250.000000,-0.161806,-0.140490,-0.006614
1260.000000,0.037056,-0.107932,-0.016723
1270.000000,0.214085,-0.099338,0.040286
