0.000000,-0.329341,-0.124460,0.038744
10.000000,-0.287743,-0.081572,0.137411
20.000000,-0.181142,-0.039667,0.250609
30.000000,-0.009282,-0.032299,0.279898
40.000000,0.085620,-0.050953,0.168039
50.000000,0.109270,-0.041282,0.021322
60.000000,0.086150,-0.036701,-0.127066
70.000000,0.024516,-0.049589,-0.182991
80.000000,-0.066806,-0.067339,-0.119634
90.000000,-0.173436,-0.064631,0.037840
100.000000,-0.134971,-0.028560,0.264662
110.000000,-0.053819,-0.050404,0.482644
120.000000,-0.059517,-0.043027,0.605430
130.000000,0.002066,-0.030573,0.576435
140.000000,0.021491,-0.016606,0.507610
150.000000,-0.038060,0.020979,0.378075
160.000000,-0.073232,0.028618,0.289614
170.000000,-0.118737,-0.021730,0.235201
180.000000,-0.182809,-0.037044,0.135165
190.000000,-0.316234,-0.047714,0.022720
200.000000,-0.544524,-0.146596,-0.059234
210.000000,-0.861177,-0.296243,-0.151239
220.000000,-1.286402,-0.436438,-0.231392
230.000000,-1.762216,-0.568052,-0.239081
240.000000,-2.268495,-0.785675,-0.177778
250.000000,-2.979040,-1.076652,-0.120915
260.000000,-3.490003,-1.398580,-0.236377
270.000000,-3.653153,-1.684078,-0.617241
280.000000,-3.788566,-1.952680,-1.023391
290.000000,-3.884811,-2.205487,-1.410691
300.000000,-3.846335,-2.506692,-1.761913
310.000000,-3.966451,-2.988928,-2.029495
320.000000,-4.258584,-3.218268,-2.467574
330.000000,-4.367286,-3.103727,-2.882051
340.000000,-4.195626,-3.147912,-2.992216
350.000000,-3.860807,-3.406493,-2.973104
360.000000,-3.413544,-3.581830,-2.886535
370.000000,-2.424567,-3.407407,-2.309735
380.000000,-0.139867,-3.117137,-0.984682
390.000000,2.895670,-2.774437,0.649269
400.000000,5.568317,-2.084840,1.996720
410.000000,6.987388,-1.104570,2.940277
420.000000,6.841488,-0.243428,3.326356
430.000000,5.598343,0.269208,2.995194
440.000000,4.289350,0.593466,2.196857
450.000000,3.766220,0.820283,1.360043
460.000000,3.929074,0.941041,0.784323
470.000000,4.520555,1.184444,0.537875
480.000000,5.672745,1.680227,0.524173
490.000000,7.227665,2.277712,0.680499
500.000000,8.532601,2.794730,0.898206
510.000000,8.929156,3.122530,1.016547
520.000000,8.412017,3.120183,1.028418
530.000000,7.476398,2.706416,1.060188
540.000000,6.434330,2.149603,1.160175
550.000000,5.404106,1.630019,1.141560
560.000000,4.578703,1.136801,0.921548
570.000000,4.129467,0.806399,0.550146
580.000000,3.939173,0.603644,0.060085
590.000000,3.719575,0.392668,-0.413090
600.000000,3.335978,0.120635,-0.701270
610.000000,2.748477,-0.250969,-0.668598
620.000000,1.971937,-0.681636,-0.632284
630.000000,1.161438,-1.169350,-0.851808
640.000000,0.214267,-1.608729,-1.208236
650.000000,-0.931599,-1.900527,-1.532063
660.000000,-1.947615,-2.064020,-1.749592
670.000000,-2.652038,-2.072037,-1.696132
680.000000,-3.009291,-1.978542,-1.279592
690.000000,-2.968172,-1.793989,-0.676039
700.000000,-2.519077,-1.623987,-0.286823
710.000000,-2.025340,-1.525769,-0.187256
720.000000,-1.714300,-1.517016,-0.101816
730.000000,-1.445561,-1.494147,-0.035167
740.000000,-1.210278,-1.486366,-0.198986
750.000000,-1.174608,-1.495156,-0.455206
760.000000,-1.247171,-1.453914,-0.751722
770.000000,-1.573342,-1.319047,-0.773130
780.000000,-1.822259,-1.175709,-0.596986
790.000000,-1.893766,-1.082008,-0.421979
800.000000,-1.862466,-0.986802,-0.174015
810.000000,-1.596458,-0.968530,0.061077
820.000000,-1.482500,-0.951288,0.162840
830.000000,-1.475880,-0.869779,0.154202
840.000000,-1.334192,-0.759539,-0.034192
850.000000,-1.100646,-0.656328,-0.216089
860.000000,-0.925808,-0.516115,-0.233955
870.000000,-0.847607,-0.426822,-0.147539
880.000000,-0.868689,-0.405576,-0.072338
890.000000,-0.956242,-0.411753,-0.031737
900.000000,-1.096132,-0.323303,0.088437
910.000122,-1.039788,-0.217908,0.228222
920.000122,-0.807072,-0.120964,0.351664
930.000122,-0.543894,-0.023988,0.432643
940.000122,-0.247528,-0.017330,0.385858
950.000122,-0.025762,-0.007542,0.319813
960.000122,-0.004387,0.016078,0.289481
970.000122,-0.082543,0.050984,0.299539
980.000122,-0.183044,0.081260,0.303831
990.000122,-0.278489,0.105236,0.316099
1000.000122,-0.300005,0.107303,0.313636
1010.000122,-0.245213,0.066713,0.244788
1020.000122,-0.213445,0.042803,0.149443
1030.000122,-0.160949,0.032021,0.156993
1040.000122,-0.056763,0.021589,0.228914
1050.000122,-0.023206,0.061057,0.278873
1060.000122,-0.035912,0.086876,0.295983
1070.000122,-0.012751,0.047446,0.314492
1080.000122,0.032801,0.014776,0.288116
1090.000122,0.131850,0.053920,0.185578
1100.000122,0.268921,0.095987,0.013788
1110.000122,0.245680,0.091330,-0.170334
1120.000122,0.050832,0.074113,-0.255840
1130.000122,-0.079887,0.057232,-0.225093
1140.000122,-0.032392,0.045527,-0.141381
1150.000122,0.134355,0.037832,-0.042874
1160.000122,0.203045,0.028314,-0.008491
1170.000122,0.209046,0.004176,-0.071402
1180.000122,0.198644,-0.005407,-0.177104
1190.000122,0.146825,-0.020872,-0.270604
1200.000122,0.097135,-0.046512,-0.283893
1210.000122,0.068409,-0.064433,-0.192686
1220.000122,0.103880,-0.101534,-0.044727
1230.000122,0.180970,-0.121630,0.098682
1240.000122,0.281867,-0.076433,0.200359
1250.000122,0.341313,-0.015515,0.229448
1260.000122,0.342427,-0.009139,0.212934
1270.000122,0.222944,-0.019507,0.197987
