0.000000,0.033870,0.001997,-0.014880
10.000000,-0.013519,-0.014246,0.055940
20.000000,-0.124225,-0.033620,0.154490
30.000000,-0.220526,-0.059956,0.199902
40.000000,-0.295890,-0.069906,0.195433
50.000000,-0.294847,-0.059220,0.169417
60.000000,-0.205916,-0.080461,0.098063
70.000000,-0.135845,-0.098830,-0.007312
80.000000,-0.120336,-0.087032,-0.094272
90.000000,-0.157821,-0.082498,-0.127487
100.000000,-0.250881,-0.110158,-0.107914
110.000000,-0.388202,-0.129069,-0.052233
120.000000,-0.553906,-0.154486,0.026732
130.000000,-0.736183,-0.216651,0.085399
140.000000,-0.962268,-0.266623,0.095419
150.000000,-1.184012,-0.281871,0.127460
160.000000,-1.398668,-0.356575,0.233752
170.000000,-1.750237,-0.497267,0.390067
180.000000,-2.275154,-0.673041,0.529192
190.000000,-2.749955,-0.851015,0.575946
200.000000,-3.016073,-1.007715,0.563798
210.000000,-3.101786,-1.181370,0.460157
220.000000,-3.117978,-1.325312,0.145694
230.000000,-3.222465,-1.453334,-0.301937
240.000000,-3.365962,-1.660858,-0.810500
250.000000,-3.362140,-1.959988,-1.420847
260.000000,-3.088386,-2.231328,-1.998714
270.000000,-2.296325,-2.331671,-2.260212
280.000000,-1.052501,-2.271365,-2.249289
290.000000,0.126166,-2.055738,-2.252011
300.000000,1.110873,-1.806136,-2.247955
310.000000,1.802940,-1.596888,-2.032965
320.000000,2.112233,-1.314758,-1.628941
330.000000,2.016392,-1.100325,-1.170187
340.000000,1.662908,-0.984418,-0.748901
350.000000,1.614157,-0.656421,-0.251602
360.000000,2.450070,-0.073704,0.429224
370.000000,3.841987,0.495111,1.186923
380.000000,5.265159,1.133662,1.884320
390.000000,6.393408,1.738732,2.366425
400.000000,6.612651,2.128011,2.405520
410.000000,6.023378,2.324358,2.068511
420.000000,5.271645,2.458134,1.616729
430.000000,4.642501,2.499063,1.217425
440.000000,4.170691,2.374878,1.087588
450.000000,3.718294,2.142384,1.148053
460.000000,3.434010,1.868221,1.319544
470.000000,3.307343,1.505582,1.381299
480.000000,3.004974,1.121275,1.244541
490.000000,2.588085,0.808687,1.036543
500.000000,2.240259,0.496196,0.753932
510.000000,1.903609,0.166008,0.352277
520.000000,1.486506,-0.167354,-0.144470
530.000000,0.892513,-0.544723,-0.571467
540.000000,0.202709,-0.779423,-0.755562
550.000000,-0.367151,-0.926091,-0.740761
560.000000,-0.773878,-1.136954,-0.703519
570.000000,-1.140505,-1.253964,-0.737624
580.000000,-1.456808,-1.280770,-0.803281
590.000000,-1.633788,-1.190153,-0.819823
600.000000,-1.507432,-1.076548,-0.761247
610.000000,-1.419036,-1.028375,-0.653215
620.000000,-1.530681,-1.057357,-0.627892
630.000000,-1.593266,-1.052975,-0.628552
640.000000,-1.594144,-1.020371,-0.559862
650.000000,-1.580449,-0.946221,-0.527889
660.000000,-1.514523,-0.789521,-0.475583
670.000000,-1.339697,-0.627533,-0.297148
680.000000,-1.220374,-0.598671,-0.108265
690.000000,-1.247881,-0.585427,0.004757
700.000000,-1.400642,-0.551586,0.057967
710.000000,-1.596391,-0.487685,0.144812
720.000000,-1.393067,-0.443369,0.292565
730.000000,-1.027736,-0.345785,0.377210
740.000000,-0.747973,-0.200610,0.473494
750.000000,-0.545703,-0.111904,0.576489
760.000000,-0.378774,-0.078245,0.587921
770.000000,-0.291563,-0.046498,0.571962
780.000000,-0.326727,-0.040268,0.582429
790.000000,-0.436219,-0.083869,0.569323
800.000000,-0.563074,-0.122080,0.482708
810.000000,-0.674973,-0.126066,0.313460
820.000000,-0.695698,-0.110331,0.107924
830.000000,-0.606436,-0.107067,-0.069181
840.000000,-0.474539,-0.129860,-0.178463
850.000000,-0.314301,-0.133421,-0.190078
860.000000,-0.135964,-0.137022,-0.144839
870.000000,-0.050710,-0.154815,-0.139545
880.000000,-0.132459,-0.142930,-0.217646
890.000000,-0.249178,-0.134473,-0.333793
900.000000,-0.312315,-0.148116,-0.406574
910.000000,-0.339273,-0.171032,-0.446866
920.000000,-0.273861,-0.157937,-0.401493
930.000000,-0.148766,-0.147803,-0.269103
940.000000,-0.053635,-0.139759,-0.122505
950.000000,0.043935,-0.105837,-0.006189
960.000000,0.066300,-0.071661,0.088484
970.000000,0.043232,-0.048730,0.213322
980.000000,0.002381,-0.033326,0.297757
990.000000,-0.076643,-0.020645,0.304078
1000.000000,-0.155175,0.026813,0.254825
1010.000000,-0.180210,0.076211,0.222912
1020.000000,-0.074081,0.093497,0.192428
1030.000000,0.036599,0.055535,0.101360
1040.000000,0.038782,0.034735,0.048289
1050.000000,0.025336,0.034982,0.057641
1060.000000,0.056816,0.056528,0.066122
1070.000000,0.099264,-0.003363,0.080749
1080.000000,0.143376,-0.007681,0.137487
1090.000000,0.196107,-0.004383,0.139943
1100.000000,0.130202,0.039581,0.078738
1110.000000,-0.002595,0.026011,-0.019779
1120.000000,-0.133350,-0.021561,-0.092198
1130.000000,-0.139528,0.006617,-0.124978
1140.000000,-0.052634,-0.009729,-0.085178
1150.000000,0.009924,-0.037854,-0.026668
1160.000000,0.101153,-0.038263,0.102810
1170.000000,0.155543,-0.040499,0.200787
1180.000000,0.021121,-0.029343,0.206117
1190.000000,-0.108995,-0.010775,0.217057
1200.000000,-0.147243,0.014795,0.157861
1210.000000,-0.146069,0.024342,0.113200
1220.000000,-0.160356,0.016824,0.064749
1230.000000,-0.097198,0.042253,0.057947
1240.000000,-0.001015,0.074992,0.107871
1250.000000,0.005323,0.031352,0.147011
1260.000000,-0.035636,-0.016883,0.145207
1270.000000,-0.045797,-0.015155,0.126785
