0.000000,0.021025,0.048502,0.005746
10.001953,0.142301,0.052899,0.054958
20.000000,0.208601,0.075071,0.092163
30.001953,0.145778,0.083171,0.088264
40.001953,-0.060689,0.057142,0.052547
50.000000,-0.320019,0.024104,0.005020
60.001953,-0.472570,0.014035,-0.045197
70.001953,-0.505791,0.025504,-0.024850
80.000000,-0.406885,0.058341,-0.002981
90.001953,-0.198254,0.058868,-0.022630
100.000000,-0.050020,0.023595,-0.060195
110.001953,-0.049110,0.008658,-0.103726
120.001953,-0.176208,0.022568,-0.132505
130.000000,-0.352727,0.011100,-0.162268
140.001953,-0.505141,-0.041063,-0.151987
150.001953,-0.664106,-0.142716,-0.134369
160.000000,-0.925830,-0.270827,-0.134607
170.001953,-1.410518,-0.402685,0.039774
180.000000,-2.054419,-0.585896,0.277324
190.001953,-2.842745,-0.934714,0.306462
200.001953,-3.986079,-1.424418,0.047453
210.000000,-4.964140,-1.740003,-0.225336
220.001953,-5.228709,-1.951560,-0.465036
230.001953,-4.843643,-2.084755,-0.888384
240.000000,-3.855652,-1.811269,-1.239076
250.001953,-2.692597,-1.550045,-1.258749
260.000000,-1.620593,-1.515407,-1.066682
270.001953,-0.716126,-1.395850,-0.903763
280.001953,-0.169607,-1.530193,-0.905235
290.000000,-0.127416,-1.693872,-1.084625
300.001953,-0.389597,-1.560647,-1.388388
310.001953,-0.568418,-1.324392,-1.597557
320.000000,-0.165082,-0.963571,-1.394639
330.001953,0.756534,-0.692404,-0.765544
340.000000,2.206175,-0.503199,0.216340
350.001953,3.607675,-0.376674,0.810265
360.001953,4.552838,-0.309897,0.979361
370.000000,4.982471,-0.014233,0.969686
380.001953,4.785190,0.365621,0.746663
390.001953,4.192735,0.582744,0.451750
400.000000,3.259741,0.700632,0.209273
410.001953,2.187818,0.695779,0.085251
420.000000,1.607859,0.819319,0.073623
430.001953,1.936073,1.098002,0.395473
440.001953,3.062318,1.379041,0.780210
450.000000,4.326328,1.622378,0.944416
460.001953,5.187717,1.989397,0.992535
470.001953,5.438619,2.223829,1.109795
480.000000,5.135722,2.088837,1.330464
490.001953,4.539757,1.738951,1.557260
500.000000,3.777834,1.268209,1.542590
510.001953,2.930186,0.842272,1.145874
520.001953,2.210101,0.588977,0.538657
530.000000,1.737549,0.416071,-0.077046
540.001953,1.430082,0.242932,-0.498566
550.001953,1.223491,0.112117,-0.659245
560.000000,1.176437,-0.003982,-0.659391
570.001953,1.203902,-0.137750,-0.669262
580.000000,1.183878,-0.238340,-0.767169
590.001953,1.110565,-0.330822,-0.859542
600.001953,0.900898,-0.534641,-0.860548
610.000000,0.491415,-0.799220,-0.808898
620.001953,-0.013586,-1.031752,-0.735763
630.001953,-0.564891,-1.247886,-0.645428
640.000000,-1.141361,-1.346285,-0.594583
650.001953,-1.601738,-1.217515,-0.627596
660.000000,-1.840696,-1.002902,-0.713134
670.001953,-1.876601,-0.877703,-0.740406
680.001953,-1.806070,-0.821719,-0.644983
690.000000,-1.708902,-0.841076,-0.490122
700.001953,-1.648849,-0.881212,-0.351565
710.001953,-1.588596,-0.807050,-0.290472
720.001953,-1.463161,-0.640426,-0.381913
730.000000,-1.326597,-0.600374,-0.682010
740.000000,-1.304519,-0.668846,-1.063481
750.001953,-1.468271,-0.719904,-1.307886
760.001953,-1.746567,-0.655108,-1.121731
770.001953,-1.904321,-0.512351,-0.517228
780.000000,-1.765045,-0.399035,-0.026952
790.000000,-1.495402,-0.359554,0.223158
800.000000,-1.295305,-0.395910,0.318627
810.001953,-1.111117,-0.389993,0.292149
820.001953,-1.009464,-0.390824,0.217386
830.001953,-0.898068,-0.373598,0.125077
840.000000,-0.815702,-0.314125,0.034590
850.000000,-0.827704,-0.219490,-0.078013
860.001953,-0.994898,-0.176350,-0.104452
870.001953,-1.147466,-0.102932,-0.002881
880.001953,-1.053719,-0.049805,0.093968
890.000000,-0.815256,-0.004763,0.269195
900.000000,-0.461548,0.037419,0.521787
910.001953,-0.072031,0.013818,0.735469
920.001953,0.203951,-0.033140,0.776591
930.001953,0.310424,0.000495,0.711991
940.000000,0.242479,0.056955,0.476344
950.000000,0.097190,0.106902,0.209024
960.000000,-0.045336,0.086092,-0.072965
970.001953,-0.128021,0.080487,-0.208764
980.001953,-0.061713,0.098496,-0.124259
990.001953,0.056194,0.109664,0.083616
1000.000000,0.174523,0.100415,0.366436
1010.000000,0.258160,0.041126,0.545728
1020.001953,0.294423,0.007574,0.533985
1030.001953,0.211495,0.037706,0.424095
1040.001953,0.037380,0.071197,0.237188
1050.000000,-0.077393,0.079107,-0.060763
1060.000000,-0.135553,0.079484,-0.348446
1070.001953,-0.124706,0.075528,-0.498859
1080.001953,-0.075754,0.054506,-0.554600
1090.001953,-0.039547,0.053075,-0.516759
1100.000000,-0.004115,0.079700,-0.400742
1110.000000,0.023491,0.074673,-0.311357
1120.000000,-0.013582,0.048090,-0.208386
1130.001953,-0.114712,0.046503,-0.088118
1140.001953,-0.221025,0.042893,0.025453
1150.001953,-0.251983,0.009292,0.136151
1160.000000,-0.133279,-0.031980,0.274857
1170.000000,-0.086107,-0.029287,0.353844
1180.001953,-0.024237,0.021532,0.310831
1190.001953,0.026808,0.068531,0.204419
1200.001953,-0.004872,0.089926,0.072585
1210.000000,-0.015181,0.119107,-0.079646
1220.000000,0.006258,0.208045,-0.272969
1230.001953,-0.010775,0.308403,-0.380890
1240.001953,-0.079240,0.360715,-0.287386
1250.001953,-0.085807,0.302390,-0.060987
1260.000000,-0.013933,0.163844,0.190871
1270.000000,-0.031868,0.101974,0.369303
