0.000000,-0.138608,0.091774,0.040353
10.000000,-0.155409,0.090521,-0.039439
20.000977,-0.119234,0.084651,-0.086867
30.000000,-0.058801,0.067522,-0.099408
40.000000,-0.023164,0.056508,-0.071961
50.000977,-0.035091,0.051339,-0.022944
60.000000,-0.095998,0.015302,-0.015145
70.000977,-0.202181,-0.031177,-0.075143
80.000000,-0.336551,-0.059093,-0.147467
90.000000,-0.437987,-0.079174,-0.173649
100.000977,-0.459762,-0.097465,-0.166589
110.000000,-0.443729,-0.112209,-0.137354
120.000000,-0.504081,-0.138574,-0.077789
130.000977,-0.578367,-0.149246,-0.026503
140.000000,-0.670004,-0.180609,-0.037526
150.000977,-0.809888,-0.216452,-0.058084
160.000000,-0.980130,-0.260373,-0.080599
170.000000,-1.265601,-0.369288,-0.090439
180.000977,-1.794511,-0.568286,-0.003070
190.000000,-2.536901,-0.811817,0.221484
200.000000,-3.255808,-1.079813,0.422322
210.000977,-3.810325,-1.417466,0.373662
220.000000,-4.182760,-1.892780,-0.039077
230.000977,-4.062437,-2.060030,-0.653774
240.000000,-3.369194,-1.838801,-1.185997
250.000000,-2.432575,-1.718129,-1.395071
260.000977,-1.591545,-1.566433,-1.326612
270.000000,-0.889608,-1.514625,-1.169205
280.000000,-0.636525,-1.716448,-1.134503
290.000977,-0.494485,-1.802564,-1.361699
300.000000,-0.214849,-1.600874,-1.522029
310.000977,0.070078,-1.127566,-1.118569
320.000000,0.424479,-0.990258,-0.334535
330.000000,0.565746,-1.091904,0.259609
340.000977,0.618557,-1.021077,0.457537
350.000000,0.975244,-0.770346,0.422348
360.000000,1.958210,-0.229673,0.452055
370.000977,3.273682,0.444142,0.659035
380.000000,4.398941,0.827992,0.971369
390.000977,5.192904,1.065114,1.125082
400.000000,5.667864,1.351367,1.108888
410.000000,5.821542,1.605691,0.977118
420.000977,5.710180,1.839339,0.718214
430.000000,5.582803,2.051805,0.419910
440.000000,5.462422,2.280418,0.320125
450.000977,5.196716,2.296507,0.556180
460.000000,4.832749,2.041397,0.853813
470.000977,4.373106,1.800127,1.066459
480.000000,3.900125,1.630329,1.106530
490.000000,3.508029,1.396075,0.926755
500.000977,3.185030,1.031956,0.557238
510.000000,2.769717,0.628499,0.060603
520.000000,2.217957,0.267960,-0.408765
530.000977,1.621537,-0.036551,-0.720325
540.000000,1.019976,-0.351593,-0.854616
550.000977,0.472765,-0.565061,-0.802304
560.000000,0.117074,-0.598318,-0.579832
570.000000,0.049824,-0.624715,-0.280197
580.000977,-0.012733,-0.803147,-0.077620
590.000000,-0.291858,-0.997335,-0.081640
600.000000,-0.686473,-1.049736,-0.278389
610.000977,-1.051363,-1.034123,-0.587964
620.000000,-1.339872,-1.003162,-0.887964
630.000977,-1.479945,-0.942355,-1.039358
640.000000,-1.465902,-0.883679,-0.980519
650.000000,-1.447739,-0.858732,-0.750149
660.000977,-1.541382,-0.871863,-0.471058
670.000000,-1.650605,-0.860405,-0.256608
680.000000,-1.584313,-0.788134,-0.131225
690.000977,-1.325469,-0.671541,-0.108298
700.000000,-1.055123,-0.494115,-0.188081
710.000977,-0.916279,-0.389083,-0.296825
720.000000,-0.809391,-0.446617,-0.329623
730.000000,-0.711519,-0.439674,-0.237461
740.000977,-0.790721,-0.325743,-0.028343
750.000000,-0.901075,-0.272163,0.241586
760.000000,-0.921580,-0.234349,0.414046
770.000977,-0.903465,-0.198134,0.463455
780.000000,-0.949934,-0.198931,0.443115
790.000977,-1.016777,-0.182643,0.357867
800.000000,-1.007989,-0.146690,0.260640
810.000000,-0.901908,-0.176316,0.161162
820.000977,-0.776374,-0.244710,0.022900
830.000000,-0.676360,-0.243357,-0.114439
840.000000,-0.622298,-0.138754,-0.217849
850.000977,-0.554016,-0.058444,-0.111180
860.000000,-0.454661,-0.065891,0.181218
870.000977,-0.417683,-0.092565,0.414095
880.000000,-0.384761,-0.076155,0.525522
890.000000,-0.361553,-0.018005,0.441138
900.000977,-0.359366,-0.000117,0.173706
910.000000,-0.278717,0.006566,-0.121016
920.000000,-0.244314,0.019264,-0.289468
930.000977,-0.214534,-0.002167,-0.389821
940.000000,-0.263845,-0.023294,-0.462680
950.000977,-0.285257,-0.006368,-0.397106
960.000000,-0.190822,-0.020487,-0.262001
970.000000,-0.039774,-0.000906,-0.064855
980.000977,0.145470,0.029871,0.107234
990.000000,0.225863,0.035714,0.271809
1000.000000,0.247109,0.015505,0.319415
1010.000977,0.200844,-0.002472,0.270352
1020.000000,0.151730,0.010893,0.192306
1030.000977,0.076709,0.061312,0.042237
1040.000000,0.020585,0.095849,-0.110121
1050.000000,0.006347,0.121887,-0.211240
1060.000977,0.022503,0.124354,-0.230609
1070.000000,0.064061,0.124112,-0.244655
1080.000000,0.074521,0.094773,-0.270277
1090.000977,0.032134,0.078155,-0.274115
1100.000000,0.050084,0.047337,-0.185684
1110.000977,0.041337,-0.018038,-0.034521
1120.000000,0.018688,-0.027980,0.063715
1130.000000,0.058864,-0.007860,0.118695
1140.000977,0.134385,0.016384,0.206322
1150.000000,0.165833,0.031263,0.316410
1160.000000,0.107777,0.040557,0.323364
1170.000977,0.027449,0.060406,0.237325
1180.000000,-0.017624,0.107508,0.072751
1190.000977,0.003161,0.176134,-0.092356
1200.000000,0.063475,0.194527,-0.181868
1210.000000,0.074301,0.166841,-0.184305
1220.000977,0.057321,0.148334,-0.106895
1230.000000,0.084423,0.126891,-0.029961
1240.000000,0.140556,0.111256,0.015376
1250.000977,0.185201,0.091857,0.007910
1260.000000,0.180181,0.066701,-0.057498
1270.000977,0.100553,0.054870,-0.146750
