0.000000,0.049037,0.011796,0.008755
9.999512,0.087524,-0.003176,0.027111
20.000000,0.057380,-0.017568,-0.008866
30.000000,-0.051631,-0.042654,-0.022033
40.000000,-0.170362,-0.067483,-0.077449
49.999512,-0.263170,-0.074401,-0.090292
60.000000,-0.352888,-0.073923,-0.028411
70.000000,-0.346064,-0.058514,0.051004
80.000000,-0.339032,-0.078712,0.029718
89.999512,-0.514074,-0.104744,-0.014985
100.000000,-0.723971,-0.105244,-0.033947
110.000000,-0.880612,-0.126107,-0.046451
120.000000,-0.964064,-0.162096,0.033418
129.999512,-1.029136,-0.240063,0.119447
140.000000,-1.095780,-0.306689,0.196042
150.000000,-1.211937,-0.353837,0.134407
160.000000,-1.326845,-0.452229,0.026988
169.999512,-1.463756,-0.540635,-0.072137
180.000000,-1.778496,-0.678035,-0.282756
190.000000,-2.349918,-0.900665,-0.683355
200.000000,-3.095544,-1.133520,-1.116816
209.999512,-3.628346,-1.271210,-1.350052
220.000000,-3.445799,-1.425016,-1.234979
230.000000,-2.704813,-1.518799,-0.851498
240.000000,-1.509984,-1.486100,-0.449286
249.999512,-0.380532,-1.378309,-0.205129
260.000000,0.234204,-1.426332,-0.325587
270.000000,0.206563,-1.483114,-0.676217
280.000000,-0.285900,-1.383927,-1.152522
289.999512,-0.854541,-1.227939,-1.478944
300.000000,-1.384081,-1.273776,-1.392401
310.000000,-1.664883,-1.497866,-1.138778
320.000000,-1.401976,-1.631923,-0.775320
329.999512,-0.595935,-1.545588,-0.421619
340.000000,0.586560,-1.305159,-0.066788
350.000000,2.142626,-0.849332,0.376233
360.000000,4.008594,-0.269985,0.918630
369.999512,5.983984,0.393968,1.463443
380.000000,7.288436,0.941393,1.775935
390.000000,7.279893,1.252750,1.536280
400.000000,6.400469,1.457152,0.825579
409.999512,5.300192,1.575641,0.123861
420.000000,4.325158,1.640437,-0.188151
430.000000,3.735821,1.716025,0.055213
440.000000,3.632391,1.718404,0.672498
449.999512,3.880137,1.694960,1.239030
460.000000,4.220543,1.756833,1.525673
470.000000,4.468897,1.789616,1.582453
480.000000,4.573239,1.649411,1.487282
489.999512,4.476419,1.321488,1.209227
500.000000,4.080542,0.871687,0.687270
510.000000,3.368456,0.437996,-0.003984
520.000000,2.509883,0.084050,-0.580785
529.999512,1.634028,-0.255298,-0.787470
540.000000,0.767101,-0.624549,-0.698535
550.000000,0.000190,-0.930669,-0.534721
560.000000,-0.576105,-1.018893,-0.436938
569.999512,-0.852728,-0.979201,-0.508840
580.000000,-0.972588,-0.987606,-0.717966
590.000000,-1.046670,-1.094682,-0.956315
600.000000,-1.241655,-1.230389,-1.021083
609.999512,-1.470647,-1.299302,-0.923991
620.000000,-1.540886,-1.278897,-0.888834
630.000000,-1.466952,-1.150300,-0.965746
640.000000,-1.379488,-0.987824,-1.008612
649.999512,-1.228722,-0.863336,-0.863409
660.000000,-1.198830,-0.839327,-0.612904
670.000000,-1.510499,-0.863505,-0.448996
680.000000,-1.827583,-0.815970,-0.385167
689.999512,-1.914377,-0.751030,-0.290138
700.000000,-1.835611,-0.629901,-0.146862
710.000000,-1.518956,-0.542965,0.071761
720.000000,-1.157098,-0.495981,0.277927
729.999512,-0.997206,-0.422551,0.357664
740.000000,-1.089021,-0.345941,0.381105
750.000000,-1.225004,-0.277318,0.382056
760.000000,-1.200718,-0.163445,0.384824
769.999512,-1.059827,-0.065070,0.487733
780.000000,-0.831485,-0.010870,0.551605
790.000000,-0.605471,0.016994,0.600239
800.000000,-0.386183,0.041236,0.718773
809.999512,-0.351657,0.017357,0.703338
820.000000,-0.489636,-0.005473,0.527926
830.000000,-0.576280,-0.008709,0.299400
840.000000,-0.534639,-0.011136,0.149057
849.999512,-0.427607,-0.031762,0.023260
860.000000,-0.210732,-0.029669,-0.049400
870.000000,0.081465,-0.009987,-0.079632
880.000000,0.116335,-0.033941,-0.129264
889.999512,-0.025169,-0.090126,-0.223177
900.000000,-0.164754,-0.108071,-0.383612
910.000000,-0.307443,-0.126673,-0.499019
920.000000,-0.469558,-0.161271,-0.540544
929.999512,-0.649933,-0.187615,-0.547071
940.000000,-0.600828,-0.170269,-0.538770
950.000000,-0.148348,-0.100696,-0.384480
960.000000,0.380701,-0.052118,-0.241915
969.999512,0.680335,-0.019744,-0.115288
980.000000,0.648706,0.006433,0.007634
990.000000,0.424228,0.045199,0.059891
1000.000000,0.183974,0.078425,0.081076
1009.999512,-0.012437,0.087496,0.088085
1020.000000,-0.142509,0.106237,0.081335
1030.000000,-0.107839,0.099638,0.087376
1040.000000,-0.041350,0.080249,0.087117
1049.999512,-0.032075,0.075528,0.056942
1060.000000,-0.038583,0.070051,0.038856
1070.000000,0.032957,0.034684,0.074047
1080.000000,0.127790,0.000367,0.114259
1089.999512,0.162066,-0.032532,0.186583
1100.000000,0.131169,-0.057045,0.260860
1110.000000,0.041965,-0.060292,0.264850
1120.000000,-0.133342,-0.053137,0.159867
1129.999512,-0.262814,-0.041956,-0.019528
1140.000000,-0.250551,-0.046635,-0.184975
1150.000000,-0.011225,-0.047223,-0.257668
1160.000000,0.277154,-0.019491,-0.229901
1169.999512,0.430989,0.010329,-0.145282
1180.000000,0.407295,0.041330,-0.021605
1190.000000,0.339556,0.064881,0.083013
1200.000000,0.247599,0.068347,0.156844
1209.999512,0.171187,0.098570,0.239442
1220.000000,0.122498,0.120299,0.300867
1230.000000,0.112437,0.111919,0.327571
1240.000000,0.219346,0.134238,0.326318
1249.999512,0.395073,0.161163,0.305420
1260.000000,0.488793,0.147310,0.291195
1270.000000,0.394226,0.130878,0.261015
