0.000000,0.007925,0.045919,0.019469
10.000000,0.039359,0.071067,0.058806
20.000000,0.071967,0.104252,0.075345
30.000000,-0.039441,0.046588,0.079337
40.000000,-0.214741,-0.025122,0.095305
50.005859,-0.367525,-0.059654,0.100293
60.005859,-0.429802,-0.058540,0.172771
70.005859,-0.506076,-0.120621,0.173418
80.005859,-0.581013,-0.193869,0.099377
90.005859,-0.694821,-0.289829,0.032945
100.005859,-1.034732,-0.537568,-0.128663
110.005859,-1.605979,-0.933572,-0.594364
120.005859,-2.262172,-1.377656,-1.373880
130.005859,-3.111988,-1.777530,-2.188473
140.005859,-4.022464,-1.945532,-2.644931
150.005859,-4.395061,-2.027528,-2.512612
160.005859,-4.596779,-2.535185,-2.308787
170.005859,-5.188829,-2.837320,-2.532336
180.005859,-5.562880,-2.462007,-2.596598
190.005859,-5.361386,-2.586978,-1.910642
200.005859,-5.275751,-3.541320,-1.310253
210.005859,-5.477619,-4.475039,-1.537543
220.005859,-5.228951,-5.060118,-2.111606
230.005859,-3.498126,-5.228512,-2.148412
240.005859,-0.420019,-5.070950,-1.466471
250.005859,2.616230,-4.174239,-0.410528
260.005859,5.199796,-2.521243,0.859330
270.005859,8.170714,-0.443358,2.068888
280.005859,10.804480,1.554019,2.904726
290.005859,11.138067,2.537849,2.992778
300.005859,8.673490,2.358033,2.127421
310.005859,4.913223,1.621743,0.805923
320.005859,1.793912,0.805964,-0.094318
330.005859,0.193942,0.221484,-0.083923
340.005859,0.186595,0.166479,0.797086
350.005859,1.956749,0.839096,2.298471
360.005859,5.102335,1.872563,3.758729
370.005859,7.818467,2.665910,4.376451
380.005859,8.770097,2.956289,3.898623
390.005859,8.237827,2.773825,2.590458
400.005859,7.054491,2.257288,0.959740
410.005859,5.789636,1.581242,-0.547435
420.005859,4.742413,1.008671,-1.627833
430.005859,4.065106,0.701073,-2.029095
440.005859,3.757396,0.599489,-1.739342
450.005859,3.716011,0.493170,-1.179276
460.005859,3.573562,0.313210,-0.759826
470.005859,3.148761,0.112520,-0.516420
480.005859,2.628656,-0.152926,-0.390795
490.005859,2.105165,-0.685406,-0.416285
500.005859,1.356336,-1.432436,-0.752858
510.005859,0.412484,-1.874046,-1.279642
520.005859,-0.213878,-1.922712,-1.704429
530.005859,-0.205789,-1.847246,-1.819193
540.005859,-0.121554,-1.796805,-1.842963
550.005859,-0.148722,-1.670629,-1.705073
560.005859,-0.604337,-1.654673,-1.429715
570.005859,-1.308423,-1.681162,-0.916754
580.005859,-1.812559,-1.835062,-0.514663
590.005859,-2.262558,-1.924083,-0.322668
600.005859,-2.615005,-1.938473,-0.390022
610.005859,-2.778648,-1.908209,-0.583472
620.005859,-2.705140,-1.798401,-0.730067
630.005859,-2.654277,-1.562406,-0.514435
640.005859,-2.390763,-1.227542,-0.215191
650.005859,-1.923777,-1.072787,-0.060803
660.005859,-1.718884,-0.942984,-0.088190
670.005859,-1.618732,-0.834162,-0.231700
680.005859,-1.554511,-0.802029,-0.329847
690.005859,-1.734569,-0.781811,-0.219378
700.005859,-1.881479,-0.757957,0.042150
710.005859,-1.901905,-0.638844,0.406679
720.005859,-1.907279,-0.553994,0.764558
730.005859,-1.818576,-0.538495,1.024973
740.005859,-1.578157,-0.511571,1.128245
750.005859,-1.253633,-0.399849,1.060669
760.005859,-0.828828,-0.244088,0.881501
770.005859,-0.421874,-0.125716,0.598638
780.005859,-0.204193,-0.019313,0.235136
790.005859,-0.235358,0.037909,-0.027627
800.005859,-0.363731,0.001929,-0.099152
810.005859,-0.618449,-0.019733,-0.041195
820.005859,-0.854011,-0.077352,0.070680
830.005859,-0.934509,-0.150124,0.156048
840.005859,-0.843848,-0.148433,0.177090
850.005859,-0.612194,-0.053070,0.160118
860.005859,-0.342425,-0.001700,0.134522
870.005859,-0.017410,0.010150,0.082221
880.005859,0.214793,0.058366,0.006109
890.005859,0.276862,0.079337,-0.083408
900.005859,0.204618,0.010931,-0.146896
910.005859,0.064164,-0.030060,-0.151993
920.005859,-0.057871,-0.036146,-0.105577
930.005859,-0.148010,-0.061875,-0.061346
940.005859,-0.306643,-0.109878,-0.069178
950.005859,-0.456882,-0.145774,-0.133609
960.005859,-0.432690,-0.141894,-0.228053
970.005859,-0.271631,-0.111077,-0.297045
980.005859,0.002346,-0.060749,-0.254219
990.005859,0.350026,0.024117,-0.052547
1000.005859,0.550020,0.114932,0.184749
1010.005859,0.417141,0.134484,0.276334
1020.005859,0.105610,0.097650,0.243039
1030.005859,-0.070327,0.035496,0.169292
1040.005859,-0.170323,-0.013440,0.043987
1050.005859,-0.281918,-0.040110,-0.090039
1060.005859,-0.226098,-0.077536,-0.192959
1070.005859,-0.141424,-0.099174,-0.231796
1080.005859,0.049368,-0.048386,-0.206707
1090.005859,0.282290,0.025314,-0.165597
1100.005859,0.355223,0.057198,-0.093054
1110.005859,0.379197,0.094639,-0.003256
1120.005859,0.505980,0.136294,0.138358
1130.005859,0.560392,0.151177,0.324164
1140.005859,0.422048,0.133273,0.421596
1150.005859,0.179754,0.053231,0.345105
1160.005859,-0.119130,-0.004161,0.167636
1170.005859,-0.346375,-0.031901,-0.002297
1180.005859,-0.373108,-0.024345,-0.103436
1190.005859,-0.140900,0.028601,-0.040991
1200.005859,0.245219,0.090304,0.032347
1210.005859,0.496587,0.126841,0.022713
1220.005859,0.629071,0.174335,-0.124133
1230.005859,0.614262,0.174912,-0.232488
1240.005859,0.461964,0.114940,-0.163251
1250.005859,0.071614,0.066794,0.072761
1260.005859,-0.226941,0.022996,0.228571
1270.005859,-0.175711,-0.022532,0.183576
