0.000000,-0.031345,0.005402,0.212170
9.999023,-0.090076,0.010676,0.155542
20.000000,-0.122452,0.014033,0.135264
30.000000,-0.185496,-0.024715,0.151308
39.999023,-0.313224,-0.056590,0.143383
50.000000,-0.416702,-0.059748,0.051376
59.999023,-0.455875,-0.074107,-0.049894
70.000000,-0.484203,-0.107047,-0.120528
80.000000,-0.488481,-0.151146,-0.168535
89.999023,-0.499507,-0.208422,-0.195107
100.000000,-0.594870,-0.268726,-0.205410
110.000000,-0.761526,-0.325606,-0.234410
119.999023,-1.051436,-0.392574,-0.277696
130.000000,-1.498571,-0.473715,-0.255215
139.999023,-1.892747,-0.572524,-0.108204
150.000000,-2.109596,-0.698416,0.016920
160.000000,-2.254089,-0.757776,0.152563
169.999023,-2.336083,-0.861558,0.270193
180.000000,-2.386036,-1.056663,0.256180
190.000000,-2.702980,-1.248161,-0.090243
199.999023,-3.283350,-1.352353,-0.700601
210.000000,-3.450104,-1.410507,-1.057547
219.999023,-2.926028,-1.504943,-0.995796
230.000000,-2.269700,-1.513658,-0.806837
240.000000,-1.206260,-1.434113,-0.483306
249.999023,-0.236710,-1.321855,-0.121471
260.000000,0.041566,-1.220523,-0.022522
270.000000,-0.040707,-1.190338,-0.237993
279.999023,-0.223786,-1.117546,-0.535773
290.000000,-0.419452,-1.055343,-0.663996
299.999023,-0.323881,-1.004651,-0.592713
310.000000,0.213680,-1.009749,-0.309355
320.000000,1.000131,-0.789648,-0.012689
329.999023,2.085148,-0.334285,0.191382
340.000000,3.731704,0.148686,0.461074
350.000000,5.445489,0.681835,0.736304
359.999023,6.460175,1.267599,0.765499
370.000000,6.783211,1.312099,0.551942
379.999023,6.296063,1.134279,0.287703
390.000000,5.199485,1.131319,-0.081526
400.000000,4.004726,1.175869,-0.453490
409.999023,2.926369,1.133791,-0.483638
420.000000,2.014071,0.964355,-0.186451
430.000000,1.519497,0.813208,0.148593
439.999023,1.470193,0.748057,0.379351
450.000000,1.830988,0.837404,0.520827
459.999023,2.442281,0.878808,0.498619
470.000000,2.955470,0.858500,0.358360
480.000000,3.160922,0.800502,0.184079
489.999023,3.098033,0.651024,0.040210
500.000000,2.779358,0.390473,-0.280797
510.000000,2.125271,0.132822,-0.799165
519.999023,1.347864,-0.079719,-1.220389
530.000000,0.664504,-0.224664,-1.316561
539.999023,0.195105,-0.315745,-1.050247
550.000000,-0.120666,-0.369172,-0.632647
560.000000,-0.248802,-0.379554,-0.323552
569.999023,-0.247115,-0.393894,-0.283684
580.000000,-0.336843,-0.388098,-0.442467
590.000000,-0.435226,-0.367325,-0.509242
599.999023,-0.441743,-0.457422,-0.428114
610.000000,-0.462470,-0.608358,-0.306982
619.999023,-0.599463,-0.703271,-0.179430
630.000000,-0.840118,-0.761185,-0.022349
640.000000,-1.061464,-0.854105,0.294800
649.999023,-1.239391,-0.933210,0.802111
660.000000,-1.470608,-0.889963,1.199535
670.000000,-1.741452,-0.715755,1.240229
679.999023,-1.891973,-0.508403,0.926426
690.000000,-1.819933,-0.362740,0.420944
699.999023,-1.635018,-0.312869,-0.038989
710.000000,-1.430495,-0.333115,-0.354836
720.000000,-1.154602,-0.338986,-0.493604
729.999023,-0.836157,-0.308337,-0.370312
740.000000,-0.590818,-0.312328,-0.073561
750.000000,-0.482843,-0.341211,0.071970
759.999023,-0.453082,-0.304803,-0.002806
770.000000,-0.424726,-0.232649,-0.132950
779.999023,-0.342025,-0.181413,-0.273374
790.000000,-0.263440,-0.167508,-0.372290
800.000000,-0.277343,-0.165670,-0.351647
809.999023,-0.317345,-0.123818,-0.243629
820.000000,-0.347457,-0.127138,-0.189498
830.000000,-0.401574,-0.174647,-0.212473
839.999023,-0.444997,-0.184653,-0.268813
850.000000,-0.384510,-0.143229,-0.233145
859.999023,-0.247536,-0.088699,-0.116446
870.000000,-0.096493,-0.062787,-0.025412
880.000000,-0.080751,-0.065524,0.047270
889.999023,-0.171940,-0.045529,0.116817
900.000000,-0.310902,-0.019508,0.131928
910.000000,-0.402300,-0.042719,0.075243
919.999023,-0.427754,-0.058533,0.011651
930.000000,-0.411082,-0.054460,-0.045762
939.999023,-0.130335,-0.018471,0.054196
950.000000,0.276368,0.034498,0.199057
960.000000,0.528369,0.055454,0.317458
969.999023,0.432734,0.077571,0.349652
980.000000,0.070358,0.045954,0.205421
990.000000,-0.181420,0.017950,0.046532
999.999023,-0.248287,0.004406,-0.058261
1010.000000,-0.124404,0.025147,-0.109530
1019.999023,0.137005,0.006011,-0.125925
1030.000000,0.328088,-0.007238,-0.056679
1040.000000,0.383488,-0.003535,0.042949
1049.999023,0.349753,-0.010326,0.096342
1060.000000,0.212346,-0.000593,0.058133
1070.000000,0.066025,-0.005740,0.077243
1079.999023,0.053384,-0.035984,0.035638
1090.000000,0.120980,-0.066930,-0.088780
1099.999023,0.161450,-0.035281,-0.243418
1110.000000,0.082740,0.004921,-0.281655
1120.000000,-0.040374,-0.029731,-0.222817
1129.999023,-0.070301,-0.066253,-0.097100
1140.000000,-0.060767,-0.066696,-0.003343
1150.000000,-0.027390,-0.059320,0.025785
1159.999023,0.082289,-0.046138,0.063686
1170.000000,0.173287,-0.022080,0.117039
1179.999023,0.197620,0.001242,0.150451
1190.000000,0.180684,0.031175,0.168338
1200.000000,0.217980,0.078837,0.236223
1209.999023,0.243536,0.083086,0.298280
1220.000000,0.251647,0.062091,0.259447
1230.000000,0.252621,0.063551,0.205719
1239.999023,0.200779,0.085244,0.161853
1250.000000,0.152916,0.088782,0.133158
1259.999023,0.179586,0.084269,0.154013
1270.000000,0.229117,0.050969,0.168850
