0.000000,-0.110663,-0.066222,-0.299128
9.999512,-0.128943,-0.084227,-0.246315
19.999512,-0.188563,-0.103156,-0.109524
30.000000,-0.245660,-0.086915,0.016484
40.000000,-0.250483,-0.099938,0.177333
49.999512,-0.258295,-0.122367,0.290732
59.999512,-0.232758,-0.114132,0.345626
70.000000,-0.241716,-0.110093,0.293703
80.000000,-0.248836,-0.066405,0.203989
89.999512,-0.215039,-0.035874,0.107210
99.999512,-0.205683,-0.017245,-0.016307
110.000000,-0.225299,-0.042687,-0.056278
120.000000,-0.302960,-0.070125,-0.045897
129.999512,-0.457755,-0.097187,-0.006869
139.999512,-0.732298,-0.171323,0.109138
150.000000,-1.180932,-0.303264,0.183989
160.000000,-1.814175,-0.506957,0.320490
169.999512,-2.543421,-0.748466,0.498386
179.999512,-3.283741,-1.139842,0.613466
190.000000,-4.015387,-1.589674,0.830808
200.000000,-4.322230,-1.896641,0.886249
209.999512,-4.156798,-2.068717,0.664354
219.999512,-3.887153,-2.091692,0.152855
230.000000,-3.650889,-1.992471,-0.583365
240.000000,-3.190143,-1.769127,-1.326090
249.999512,-2.693809,-1.642401,-2.003719
259.999512,-2.449711,-1.746298,-2.511435
270.000000,-2.468753,-1.975910,-2.730358
280.000000,-2.398866,-2.245346,-2.616124
289.999512,-2.024912,-2.524490,-2.235854
299.999512,-1.502340,-2.710829,-1.754822
310.000000,-0.839489,-2.630965,-1.064534
320.000000,0.473731,-2.309485,-0.074609
329.999512,2.210767,-1.862768,0.898739
339.999512,3.479509,-1.504492,1.359291
350.000000,3.825828,-1.216730,1.256338
360.000000,3.437910,-0.898540,0.851312
369.999512,2.909202,-0.669764,0.346821
379.999512,2.897501,-0.330611,0.014843
390.000000,3.668386,0.230336,0.020428
400.000000,5.166806,0.818793,0.262359
409.999512,6.887260,1.320361,0.486074
419.999512,8.019382,1.683806,0.446578
430.000000,8.282325,1.971181,0.136070
440.000000,7.879580,2.194912,-0.218467
449.999512,7.055346,2.185690,-0.404121
459.999512,6.137048,1.890439,-0.371159
470.000000,5.409534,1.558498,-0.254302
480.000000,4.934279,1.392708,-0.195482
489.999512,4.606799,1.307333,-0.057312
499.999512,4.325989,1.210854,0.188960
510.000000,4.166463,1.059960,0.432699
520.000000,4.021066,0.866218,0.693168
529.999512,3.740256,0.766039,0.856219
539.999512,3.416985,0.550583,0.768764
550.000000,2.976689,0.125411,0.479333
560.000000,2.276917,-0.420085,0.026316
569.999512,1.328298,-0.936803,-0.573429
579.999512,0.407487,-1.327038,-1.108470
590.000000,-0.287680,-1.555431,-1.426871
600.000000,-0.799376,-1.610878,-1.428974
609.999512,-1.197483,-1.490038,-1.104795
619.999512,-1.417705,-1.464576,-0.736242
630.000000,-1.571365,-1.554091,-0.492937
640.000000,-1.873155,-1.588121,-0.332374
649.999512,-2.184277,-1.593893,-0.317513
659.999512,-2.337322,-1.663118,-0.370029
670.000000,-2.555771,-1.634260,-0.398215
680.000000,-2.707607,-1.545834,-0.293397
689.999512,-2.599575,-1.504907,-0.074494
699.999512,-2.235956,-1.406752,0.076803
710.000000,-1.777402,-1.232769,0.100626
720.000000,-1.166768,-1.011819,0.018225
729.999512,-0.681420,-0.838154,-0.162126
739.999512,-0.730117,-0.777921,-0.254255
750.000000,-1.216632,-0.755046,-0.263227
760.000000,-1.839168,-0.738320,-0.207531
769.999512,-2.289025,-0.726826,-0.133942
779.999512,-2.422748,-0.630215,0.033674
790.000000,-2.152889,-0.472758,0.243764
800.000000,-1.506998,-0.370661,0.409721
809.999512,-0.866166,-0.330347,0.465206
819.999512,-0.659207,-0.276789,0.427599
830.000000,-0.729979,-0.157499,0.304680
840.000000,-0.844631,-0.097411,0.213695
849.999512,-1.026526,-0.064794,0.159876
859.999512,-1.067750,-0.011355,0.165267
870.000000,-0.827146,0.025979,0.241314
880.000000,-0.499152,0.040386,0.378616
889.999512,-0.236461,0.057851,0.491603
899.999512,-0.081220,0.065122,0.571521
910.000000,0.020937,0.046021,0.584476
920.000000,0.121127,0.044766,0.520410
930.003418,0.195758,0.077305,0.421908
940.003906,0.212638,0.110824,0.317667
950.003418,0.273357,0.129269,0.214088
960.003418,0.395579,0.165096,0.093725
970.003418,0.403477,0.174235,0.032427
980.003906,0.318576,0.125348,0.045776
990.003418,0.236620,0.035918,0.020109
1000.003418,0.173399,-0.017286,-0.057437
1010.003418,0.115498,0.004458,-0.112099
1020.003906,0.079031,0.045187,-0.117303
1030.003418,0.089631,0.055102,-0.083619
1040.003418,0.065157,0.053843,-0.066397
1050.003418,0.057615,0.054117,-0.073114
1060.003906,0.192824,0.038093,-0.057183
1070.003418,0.304179,0.014745,-0.035321
1080.003418,0.235088,0.015532,-0.044801
1090.003418,0.124631,0.045946,-0.040723
1100.003906,0.012777,0.046227,0.023249
1110.003418,-0.093223,0.012408,0.084269
1120.003418,-0.180828,-0.003238,0.082036
1130.003418,-0.206469,-0.003648,-0.018890
1140.003906,-0.203436,-0.005976,-0.171287
1150.003418,-0.189954,-0.022402,-0.275902
1160.003418,-0.160531,-0.042233,-0.298612
1170.003418,-0.197588,-0.044766,-0.205576
1180.003906,-0.227074,-0.013993,0.057062
1190.003418,-0.139870,0.009189,0.400736
1200.003418,-0.069130,0.023800,0.623806
1210.003418,0.031076,0.064629,0.708941
1220.003906,0.215934,0.113771,0.624867
1230.003418,0.245480,0.110961,0.364850
1240.003418,0.096449,0.104272,0.080008
1250.003418,-0.022061,0.104791,-0.164934
1260.003906,-0.099361,0.071697,-0.323623
1270.003418,-0.054162,0.050067,-0.334216
