0.000000,-0.082954,0.056819,-0.037268
10.000000,-0.065692,0.055219,0.079026
20.000977,-0.075763,0.027848,0.114835
30.000000,-0.073397,0.044232,0.067387
40.000000,-0.010731,0.098834,0.020474
50.000977,0.061080,0.112397,-0.020114
60.000000,0.039384,0.107683,-0.053123
70.000977,-0.068588,0.115947,-0.069788
80.000000,-0.134143,0.091220,-0.038654
90.000000,-0.196040,0.048712,0.021112
100.000977,-0.250723,0.042629,0.065074
110.000000,-0.287220,0.028381,0.053802
120.000000,-0.344058,0.004982,-0.023126
130.000977,-0.431728,-0.003510,-0.127083
140.000000,-0.567909,-0.040658,-0.185498
150.000977,-0.799860,-0.118263,-0.114831
160.000000,-1.171421,-0.193438,0.137017
170.000000,-1.675239,-0.252119,0.554207
180.000977,-2.244881,-0.345758,1.012205
190.000000,-2.828502,-0.478428,1.335005
200.000000,-3.272287,-0.635939,1.375353
210.000977,-3.441399,-0.863011,1.016119
220.000000,-3.394878,-1.117895,0.218844
230.000977,-3.149994,-1.289266,-0.761071
240.000000,-2.870345,-1.395786,-1.569693
250.000000,-2.726369,-1.548024,-2.093372
260.000977,-2.775005,-1.753785,-2.367239
270.000000,-3.105205,-2.011577,-2.366323
280.000000,-3.396655,-2.194392,-1.999544
290.000977,-3.120609,-2.269507,-1.378826
300.000000,-2.335816,-2.324177,-0.803578
310.000977,-1.412829,-2.279293,-0.436822
320.000000,-0.303105,-2.083689,-0.336926
330.000000,0.842170,-1.763391,-0.447812
340.000977,2.026767,-1.278005,-0.509459
350.000000,3.330855,-0.734655,-0.407923
360.000000,4.452250,-0.421591,-0.203262
370.000977,5.314861,-0.041590,0.015278
380.000000,6.152814,0.512634,0.287728
390.000977,6.753554,0.953149,0.525464
400.000000,6.764145,1.277328,0.469009
410.000000,6.121701,1.542882,0.224386
420.000977,5.190627,1.616912,-0.058767
430.000000,4.324750,1.503990,-0.122450
440.000000,3.557351,1.388042,0.081014
450.000977,3.021767,1.268328,0.346163
460.000000,2.913491,1.172518,0.599262
470.000977,2.956729,1.160742,0.721856
480.000000,3.171455,1.190566,0.734950
490.000000,3.498128,1.253551,0.727690
500.000977,3.677638,1.244202,0.615124
510.000000,3.595263,1.154585,0.373141
520.000000,3.349874,0.956475,0.123453
530.000977,2.952786,0.657902,-0.170297
540.000000,2.304900,0.314308,-0.540309
550.000977,1.605970,0.017008,-0.803131
560.000000,0.945988,-0.223286,-0.817617
570.000000,0.380900,-0.467319,-0.560669
580.000977,-0.135501,-0.679306,-0.284201
590.000000,-0.492944,-0.783009,-0.139816
600.000000,-0.629889,-0.731140,-0.083393
610.000977,-0.669116,-0.689266,-0.053110
620.000000,-0.625800,-0.666171,-0.077988
630.000977,-0.457755,-0.658437,-0.240639
640.000000,-0.403578,-0.684918,-0.435638
650.000000,-0.609706,-0.727562,-0.558523
660.000977,-1.007048,-0.762463,-0.520728
670.000000,-1.500691,-0.838846,-0.310161
680.000000,-1.880927,-0.944266,-0.062398
690.000977,-2.141645,-0.993879,0.127827
700.000000,-2.310411,-0.947163,0.216975
710.000977,-2.288762,-0.851627,0.258401
720.000000,-2.153873,-0.734892,0.341924
730.000000,-2.023098,-0.624629,0.471143
740.000977,-1.881004,-0.527743,0.589671
750.000000,-1.678910,-0.419327,0.592704
760.000000,-1.444802,-0.328050,0.425664
770.000977,-1.233412,-0.273799,0.106123
780.008789,-1.091898,-0.221353,-0.291315
790.008789,-1.080268,-0.156883,-0.560783
800.008789,-1.137719,-0.125277,-0.620351
810.008789,-1.125120,-0.116622,-0.643591
820.008789,-1.047467,0.026252,-0.735286
830.007813,-0.826526,0.110312,-0.707218
840.008789,-0.431490,-0.112567,-0.404679
850.008789,-0.227065,-0.225109,-0.067204
860.008789,-0.293015,-0.140865,0.104302
870.008789,-0.440225,-0.054963,0.066603
880.008789,-0.546238,-0.019051,-0.078931
890.008789,-0.615038,0.014147,-0.259766
900.008789,-0.598570,0.071217,-0.428293
910.007813,-0.467772,0.064851,-0.456592
920.008789,-0.278312,-0.038943,-0.357432
930.008789,-0.080363,-0.148685,-0.148576
940.008789,0.067912,-0.215525,0.136923
950.008789,0.182435,-0.186650,0.403430
960.008789,0.221227,-0.099516,0.566964
970.008789,0.193094,-0.032433,0.599243
980.008789,0.152264,0.015862,0.505987
990.007813,0.082370,0.070767,0.343531
1000.008789,0.055879,0.080714,0.195215
1010.008789,0.048261,0.084946,-0.008390
1020.008789,0.027844,0.072304,-0.212076
1030.008789,0.025807,0.072376,-0.378199
1040.008789,0.136715,0.095593,-0.445986
1050.008789,0.245562,0.145471,-0.333400
1060.008789,0.275447,0.185179,-0.100341
1070.007813,0.229603,0.169681,0.081662
1080.008789,0.139907,0.126355,0.170720
1090.008789,0.094272,0.039284,0.151164
1100.008789,0.115235,-0.032682,0.065069
1110.008789,0.118996,0.078305,-0.072685
1120.008789,0.189021,0.187604,-0.233526
1130.008789,0.208772,0.176753,-0.375531
1140.008789,0.204453,0.103134,-0.473162
1150.007813,0.198917,0.049140,-0.456049
1160.008789,0.089398,0.057635,-0.290329
1170.008789,-0.053753,0.045365,-0.099833
1180.008789,-0.155425,0.007478,0.102626
1190.008789,-0.165045,-0.007256,0.286439
1200.008789,-0.142232,0.009162,0.370753
1210.008789,-0.105067,0.053622,0.360357
1220.008789,-0.088279,0.056627,0.287732
1230.007813,-0.062659,0.049757,0.155206
1240.008789,-0.082619,0.081547,0.016150
1250.008789,-0.070973,0.112347,-0.087315
1260.008789,-0.047151,0.132580,-0.167119
1270.008789,-0.022747,0.109325,-0.222589
