0.000000,0.123275,0.013676,-0.056568
10.000488,0.191162,0.026907,-0.039821
20.000000,0.148768,0.022195,0.019712
30.000000,0.028152,0.015368,0.063277
40.000000,-0.039022,0.026859,0.044669
50.000488,-0.074984,0.043566,0.084051
60.000000,-0.096126,0.043880,0.080717
70.000000,-0.060777,0.025016,0.056385
80.000000,-0.015686,0.006153,0.007998
90.000488,-0.065481,-0.012382,-0.016495
100.000000,-0.218478,-0.025077,0.005766
110.000000,-0.295244,-0.027624,0.102873
120.000000,-0.262345,-0.050872,0.172840
130.000488,-0.207374,-0.066049,0.159838
140.000000,-0.203499,-0.035886,0.127179
150.000000,-0.184403,-0.042035,0.093113
160.000000,-0.190984,-0.052104,0.046728
170.000488,-0.236438,-0.082490,0.006235
180.000000,-0.305610,-0.137498,-0.014880
190.000000,-0.384336,-0.195679,-0.073224
200.000000,-0.566952,-0.258915,-0.133781
210.000488,-0.854790,-0.313365,-0.251209
220.000000,-1.018540,-0.362902,-0.377376
230.000000,-1.242718,-0.437886,-0.418483
240.000000,-1.562224,-0.545790,-0.394050
250.000488,-1.873690,-0.718808,-0.374216
260.000000,-2.344029,-1.060922,-0.444298
270.000000,-3.291310,-1.572243,-0.797012
280.000000,-4.529292,-2.149596,-1.346126
290.000488,-5.775156,-2.567262,-1.720706
300.000000,-6.706431,-2.722208,-1.582039
310.000000,-6.993035,-2.880393,-1.001923
320.000000,-6.454488,-3.129074,-0.277784
330.000488,-5.163148,-3.314484,0.404908
340.000000,-3.528522,-3.562546,0.838376
350.000000,-2.253910,-3.823942,0.746752
360.000000,-1.696259,-3.853254,0.251852
370.000488,-1.323515,-3.560147,-0.118996
380.000000,-0.188595,-3.008226,-0.111966
390.000000,1.660439,-2.371611,0.205357
400.003418,3.563535,-1.721505,0.640699
410.003906,5.192607,-1.094780,0.953111
420.003906,6.249636,-0.596764,0.919205
430.003418,6.665339,-0.013062,0.474027
440.003418,6.683434,0.696713,-0.200558
450.003906,6.523837,1.252494,-0.825300
460.003906,6.421033,1.599255,-1.101999
470.003418,6.668847,1.845557,-0.888465
480.003418,7.228218,2.000872,-0.430523
490.003906,7.647330,2.124370,-0.106344
500.003906,7.501091,2.288408,0.010429
510.003418,6.950800,2.359689,0.141653
520.003418,6.478281,2.261191,0.463684
530.003906,6.176901,2.102313,0.862741
540.003906,5.885683,1.944151,1.111871
550.003418,5.517130,1.776267,1.120753
560.003418,5.063762,1.556765,0.871534
570.003906,4.478669,1.252616,0.436136
580.003906,3.695757,0.904213,0.017067
590.003418,2.932576,0.562056,-0.300277
600.003418,2.445007,0.180957,-0.616757
610.003906,2.163664,-0.241469,-0.922087
620.003906,1.726155,-0.654375,-1.079152
630.003418,1.143673,-0.993636,-1.054293
640.003418,0.791697,-1.257669,-0.997826
650.003906,0.579823,-1.489962,-1.052819
660.003906,0.119709,-1.662854,-1.121997
670.003418,-0.449511,-1.802238,-1.008207
680.003418,-0.960039,-2.010056,-0.749966
690.003906,-1.394770,-2.228786,-0.538006
700.003906,-1.778531,-2.335559,-0.413135
710.003418,-2.072015,-2.273473,-0.306585
720.003418,-2.276193,-2.139029,-0.377890
730.003906,-2.449928,-1.983670,-0.670388
740.003906,-2.587831,-1.708885,-0.876254
750.003418,-2.466268,-1.443072,-0.867331
760.003418,-2.160738,-1.372627,-0.735662
770.003906,-1.853301,-1.305598,-0.600927
780.003906,-1.692639,-1.219973,-0.606797
790.003418,-1.607222,-1.147283,-0.711856
800.003418,-1.655771,-1.035088,-0.793574
810.003906,-1.779692,-0.907159,-0.780939
820.003906,-1.725683,-0.813467,-0.545780
830.003418,-1.486327,-0.762627,-0.265420
840.003418,-1.305673,-0.751237,0.025874
850.003906,-1.496838,-0.601475,0.341105
860.003906,-1.691630,-0.500558,0.659198
870.003418,-1.752944,-0.499899,0.900615
880.003418,-1.775003,-0.439158,0.968995
890.003906,-1.695004,-0.323639,0.935385
900.003906,-1.293251,-0.243682,0.788860
910.003418,-0.859697,-0.176946,0.649928
920.003418,-0.713216,-0.121495,0.559959
930.003906,-0.723883,-0.053396,0.537642
940.003906,-0.763585,-0.043123,0.596671
950.003418,-0.861781,-0.034711,0.667594
960.003418,-0.921045,-0.009919,0.706327
970.003906,-0.833715,-0.037941,0.636224
980.003906,-0.699957,-0.082157,0.484114
990.003418,-0.451941,-0.061595,0.295962
1000.003418,-0.065041,-0.011494,0.147930
1010.003906,0.287182,0.008293,0.028562
1020.003906,0.492451,0.051973,-0.090812
1030.003418,0.546512,0.105720,-0.153179
1040.003418,0.494684,0.127758,-0.157987
1050.003906,0.362813,0.118196,-0.151541
1060.003906,0.197518,0.120356,-0.183994
1070.003418,0.061657,0.119251,-0.227859
1080.003418,0.065556,0.102672,-0.240668
1090.003906,0.205401,0.088892,-0.248771
1100.003906,0.285726,0.085762,-0.283542
1110.003418,0.342104,0.088049,-0.316155
1120.003418,0.296253,0.056034,-0.310878
1130.003906,0.167501,0.018324,-0.231842
1140.003906,0.016325,0.007629,-0.053466
1150.003418,-0.097468,-0.008025,0.144726
1160.003418,-0.182031,-0.026387,0.237023
1170.003906,-0.255177,-0.021430,0.206305
1180.003906,-0.287462,-0.038073,0.119472
1190.003418,-0.222248,-0.056704,0.056147
1200.003418,-0.078424,-0.020039,0.083956
1210.003906,0.075383,0.026379,0.185912
1220.003906,0.069170,0.039913,0.253713
1230.003418,-0.068831,0.052973,0.214932
1240.003418,-0.223226,0.043514,0.153889
1250.003906,-0.374746,0.004594,0.120333
1260.003906,-0.489403,-0.013107,0.059818
1270.003418,-0.398500,-0.013734,-0.015150
