0.000000,-0.095152,-0.028336,0.277474
10.000000,-0.148719,-0.032307,0.268537
19.999023,-0.089006,-0.027976,0.204739
30.000000,-0.001353,-0.035716,0.067204
40.000000,-0.008335,-0.043715,-0.064967
50.003906,-0.092192,-0.053151,-0.131362
60.003906,-0.199121,-0.072430,-0.125047
70.002930,-0.288679,-0.096076,-0.115019
80.003906,-0.353575,-0.106997,-0.042405
90.003906,-0.405328,-0.131783,0.052317
100.003906,-0.455492,-0.169053,0.049133
110.003906,-0.406750,-0.174777,-0.034165
120.003906,-0.380594,-0.207732,-0.155033
130.003906,-0.483091,-0.220080,-0.248978
140.003906,-0.652737,-0.220672,-0.318593
150.002930,-0.826354,-0.295418,-0.315333
160.003906,-1.034651,-0.383115,-0.230298
170.003906,-1.371564,-0.463227,-0.131336
180.003906,-1.866548,-0.602241,-0.072827
190.003906,-2.669746,-0.814450,0.014764
200.003906,-3.607188,-1.227056,-0.053951
210.003906,-4.518073,-1.731706,-0.649686
220.003906,-4.978601,-1.965946,-1.795416
230.002930,-4.580471,-1.841996,-2.552229
240.003906,-3.510490,-1.831899,-2.340653
250.003906,-2.452734,-1.878990,-1.553991
260.003906,-1.612861,-1.827456,-0.900253
270.003906,-0.578762,-1.692759,-0.423733
280.003906,0.445189,-1.515739,-0.101538
290.003906,1.061717,-1.314188,0.034266
300.003906,1.316236,-1.090416,0.118979
310.002930,1.574925,-0.864096,0.345544
320.003906,2.090413,-0.516629,0.783995
330.003906,2.849609,-0.154536,1.332370
340.003906,3.706685,0.114700,1.735510
350.003906,4.348161,0.428925,1.747932
360.003906,4.839988,0.755575,1.383269
370.003906,5.166800,1.086529,0.857898
380.003906,5.364581,1.282418,0.439913
390.002930,5.486085,1.424161,0.250800
400.003906,5.529668,1.631305,0.205103
410.003906,5.405296,1.738918,0.299569
420.003906,4.998810,1.698072,0.562244
430.003906,4.495009,1.493048,0.852536
440.003906,4.021085,1.241641,0.847613
450.003906,3.500277,1.037203,0.517401
460.003906,2.970963,0.794443,0.065336
470.002930,2.590061,0.523075,-0.329778
480.003906,2.357872,0.283563,-0.566581
490.003906,2.176456,0.111180,-0.680424
500.003906,1.969402,-0.010802,-0.747327
510.003906,1.672954,-0.163523,-0.828607
520.003906,1.170339,-0.425084,-0.920561
530.003906,0.491181,-0.736613,-0.987999
540.003906,-0.115135,-0.951347,-0.980935
550.002930,-0.547480,-1.048337,-0.857925
560.003906,-0.874006,-1.093402,-0.690161
570.003906,-1.188144,-1.090485,-0.594207
580.003906,-1.476907,-0.990001,-0.601804
590.003906,-1.537960,-0.833934,-0.601115
600.003906,-1.356480,-0.735604,-0.485077
610.003906,-1.112042,-0.674300,-0.318777
620.003906,-0.966749,-0.627251,-0.207834
630.002930,-1.035717,-0.639044,-0.210786
640.003906,-1.218764,-0.694559,-0.278375
650.003906,-1.378740,-0.718843,-0.299541
660.003906,-1.420353,-0.620437,-0.162543
670.003906,-1.351927,-0.495108,0.079821
680.003906,-1.234741,-0.440092,0.242799
690.003906,-0.980129,-0.349766,0.275992
700.003906,-0.710929,-0.258559,0.242310
710.002930,-0.606743,-0.205133,0.180525
720.003906,-0.651276,-0.191884,0.096702
730.003906,-0.770447,-0.229223,0.018182
740.003906,-0.806274,-0.186588,0.002181
750.003906,-0.745710,-0.106920,0.099585
760.003906,-0.590317,-0.046831,0.262157
770.003906,-0.439600,-0.066613,0.366757
780.003906,-0.457206,-0.111433,0.416868
790.002930,-0.540229,-0.079326,0.443436
800.003906,-0.523604,-0.031838,0.418766
810.003906,-0.460864,-0.024860,0.371484
820.003906,-0.446707,-0.045869,0.272235
830.003906,-0.423676,-0.007065,0.168891
840.003906,-0.389363,0.061583,0.190933
850.003906,-0.330682,0.048213,0.242042
860.003906,-0.274918,-0.035714,0.223821
870.002930,-0.189096,-0.033574,0.052999
880.003906,-0.133906,0.009216,-0.107807
890.003906,-0.022258,-0.025996,-0.155952
900.003906,0.137758,-0.025119,-0.172921
910.003906,0.217398,-0.033739,-0.132123
920.003906,0.108275,-0.010833,-0.027803
930.003906,-0.062243,-0.013200,0.016727
940.003906,-0.176971,-0.078543,0.062354
950.002930,-0.188724,-0.078503,0.066327
960.003906,-0.097677,-0.050382,-0.022315
970.003906,0.076340,-0.040646,-0.100791
980.003906,0.167522,-0.010653,-0.176062
990.003906,0.168212,-0.015649,-0.219240
1000.003906,0.187727,-0.004937,-0.176583
1010.003906,0.242267,0.031684,-0.114345
1020.003906,0.266753,0.028127,-0.079950
1030.002930,0.238631,0.034045,-0.063403
1040.003906,0.156236,0.012904,-0.060576
1050.003906,0.046647,-0.014870,-0.087606
1060.003906,-0.049226,-0.029044,-0.087240
1070.003906,-0.122412,-0.001130,-0.051153
1080.003906,-0.153180,0.032748,0.020603
1090.003906,-0.065504,0.042059,0.148384
1100.003906,0.100088,0.044875,0.237309
1110.002930,0.245217,0.050260,0.269155
1120.003906,0.296943,0.063543,0.239473
1130.003906,0.226130,0.064327,0.147565
1140.003906,0.117296,0.060451,0.052806
1150.003906,0.115469,0.060237,0.019625
1160.003906,0.168526,0.052700,0.022245
1170.003906,0.174414,0.033406,-0.004388
1180.003906,0.128204,0.026761,-0.029733
1190.002930,0.059872,0.043724,0.001955
1200.003906,-0.001028,0.032247,0.068044
1210.003906,-0.022445,0.005700,0.076448
1220.003906,0.039398,0.031066,0.044922
1230.003906,0.188417,0.062161,0.074272
1240.003906,0.271276,0.057015,0.113459
1250.003906,0.243418,0.057508,0.105865
1260.003906,0.178619,0.060837,0.069946
1270.002930,0.069143,0.051240,0.019517
