0.000000,-0.106017,0.032717,-0.156778
10.000000,-0.111125,0.039532,-0.181331
20.000000,-0.173054,0.047906,-0.074714
30.000000,-0.256912,0.048056,0.098762
40.000000,-0.322597,0.031650,0.225416
49.999023,-0.356475,0.019340,0.250237
60.000000,-0.353837,0.016947,0.161136
70.000000,-0.372550,0.032159,0.048482
80.000000,-0.452189,0.050054,-0.022463
90.000000,-0.554092,0.009077,-0.073692
100.000000,-0.663821,-0.055451,-0.106598
110.000000,-0.848784,-0.099448,-0.131768
120.000000,-1.100070,-0.133214,-0.094415
129.999023,-1.367038,-0.163445,0.157234
140.000000,-1.745303,-0.208976,0.639793
150.000000,-2.204548,-0.342712,1.057113
160.000000,-2.588507,-0.541286,1.142490
170.000000,-2.759997,-0.666811,0.836984
180.000000,-2.793619,-0.805412,0.217407
190.000000,-2.883950,-1.034608,-0.510263
200.000000,-3.200486,-1.274101,-1.121561
209.999023,-3.763629,-1.557861,-1.443421
220.000000,-4.228785,-1.839762,-1.512832
230.000000,-4.205082,-2.036968,-1.393246
240.000000,-3.604749,-2.117116,-1.156999
250.000000,-2.549034,-2.110969,-0.965851
260.000000,-1.371874,-2.015083,-0.950981
270.000000,-0.292456,-1.936924,-0.898369
280.000000,0.459041,-1.866018,-0.893869
289.999023,0.809380,-1.676236,-0.995743
300.000000,1.162179,-1.326311,-1.097653
310.000000,1.894336,-0.864619,-0.915004
320.000000,2.966058,-0.286827,-0.379783
330.000000,4.484539,0.267562,0.284371
340.000000,5.445143,0.680940,0.791679
350.000000,5.661413,1.016308,0.979451
360.000000,5.501190,1.231744,0.945713
369.999023,5.095754,1.341167,0.678733
380.000000,4.733047,1.535342,0.406038
390.000000,4.482654,1.739338,0.332850
400.000000,4.294799,1.971637,0.479629
410.000000,4.218691,2.015474,0.706806
420.000000,4.214132,1.980360,0.878750
430.000000,4.190187,1.829262,0.892844
440.000000,4.040741,1.637272,0.776375
449.999023,3.866781,1.472132,0.555737
460.000000,3.661816,1.239851,0.231471
470.000000,3.373476,0.948417,-0.148052
480.000000,2.958617,0.597374,-0.514906
490.000000,2.490260,0.239297,-0.774933
500.000000,1.876738,-0.116253,-0.934661
510.000000,1.055604,-0.443354,-0.815827
520.000000,0.162603,-0.667951,-0.359162
529.999023,-0.703724,-0.822143,0.140881
540.000000,-1.498287,-0.937109,0.304580
550.000000,-1.957932,-0.961423,0.149537
560.000000,-1.959454,-0.942319,-0.191513
570.000000,-1.767441,-0.890195,-0.590544
580.000000,-1.588440,-0.826992,-0.857601
590.000000,-1.484022,-0.840940,-0.919206
600.000000,-1.454585,-0.891315,-0.818503
610.000000,-1.455756,-0.852618,-0.568889
620.000000,-1.411685,-0.775364,-0.301377
630.000000,-1.393244,-0.723098,-0.178683
640.000000,-1.521802,-0.660537,-0.196424
650.000000,-1.738406,-0.606968,-0.247104
660.000000,-1.887415,-0.584395,-0.251921
670.000000,-1.888943,-0.561469,-0.196963
680.000000,-1.696656,-0.494834,-0.130677
690.000000,-1.367364,-0.407033,-0.086002
700.000000,-1.117161,-0.266008,-0.084190
710.000000,-1.013381,-0.125185,-0.107909
720.000000,-0.952804,-0.138249,-0.125464
730.000000,-0.970315,-0.176676,-0.095436
740.000000,-1.080612,-0.115509,0.137651
750.000000,-1.115211,-0.013263,0.497342
760.000000,-1.020886,0.025755,0.694904
770.000000,-0.858305,0.029847,0.645164
780.000000,-0.666943,0.047914,0.458988
790.000000,-0.536776,-0.000243,0.243939
800.000000,-0.518001,-0.106213,0.042924
810.000000,-0.472186,-0.159774,-0.210948
820.000000,-0.531356,-0.178546,-0.442785
830.000000,-0.613111,-0.240143,-0.533170
840.000000,-0.648187,-0.244691,-0.640409
850.000000,-0.553148,-0.123559,-0.735071
860.000000,-0.341102,-0.047087,-0.626236
870.000000,-0.134967,-0.085267,-0.365199
880.000000,0.027659,-0.093938,0.004943
890.000000,0.148743,-0.009766,0.403666
900.000000,0.167547,0.016940,0.734766
910.000000,0.087160,0.004290,0.803685
920.000000,-0.040290,0.031464,0.572267
930.000000,-0.165842,0.128989,0.290184
940.000000,-0.177982,0.191293,0.000864
950.000000,-0.094126,0.181685,-0.244944
960.000000,0.027168,0.208177,-0.422242
970.000000,0.145860,0.264349,-0.477697
980.000000,0.245556,0.251325,-0.423843
990.000000,0.274140,0.190611,-0.381563
1000.000000,0.173680,0.107534,-0.259760
1010.000000,0.110986,0.097564,-0.112183
1020.000000,0.094598,0.054223,0.061098
1030.000000,0.049846,-0.012178,0.137764
1040.000000,-0.021713,0.017170,0.046508
1050.000000,-0.060128,0.096558,-0.016580
1060.000000,-0.069135,0.106416,-0.063466
1070.000000,-0.044192,0.057484,-0.026601
1080.000000,-0.029576,0.044148,-0.023479
1090.000000,-0.094428,0.027303,-0.063573
1100.000000,-0.186675,-0.022058,-0.155960
1110.000000,-0.214246,-0.039299,-0.188982
1120.000000,-0.211630,-0.033395,-0.152090
1130.000000,-0.119828,0.023504,-0.004255
1140.000000,-0.007850,0.038068,0.180220
1150.000000,0.117726,-0.005514,0.271786
1160.000000,0.232419,-0.002670,0.329159
1170.000000,0.216088,0.040364,0.458545
1180.000000,0.160696,0.052270,0.561294
1190.000000,0.124862,0.076338,0.583099
1200.000000,0.052069,0.132813,0.540330
1210.000000,-0.019040,0.153643,0.397553
1220.000000,-0.046286,0.159702,0.200879
1230.000000,-0.038836,0.178569,0.100910
1240.000000,-0.008257,0.157616,0.184877
1250.000000,0.021523,0.112466,0.256438
1260.000000,0.080352,0.109800,0.223999
1270.000000,0.138400,0.123090,0.141446
