0.000000,0.104669,-0.012848,0.109625
10.000000,0.082819,-0.034737,0.023848
20.000977,0.018253,-0.005751,-0.061720
30.000000,-0.018059,0.035705,-0.081435
40.000000,-0.036629,0.034770,-0.014316
50.000977,-0.088400,-0.003686,0.084650
60.000000,-0.176747,-0.032236,0.147461
70.000977,-0.269199,-0.041225,0.079026
80.000000,-0.310426,-0.047822,-0.031844
90.000000,-0.373964,-0.056307,-0.140601
100.000977,-0.461519,-0.115132,-0.214852
110.000000,-0.611419,-0.187152,-0.222828
120.000000,-0.682500,-0.208714,-0.152915
130.000977,-0.743709,-0.241389,-0.005334
140.000000,-0.882831,-0.287084,0.159137
150.000977,-1.030122,-0.366587,0.276467
160.000000,-1.155584,-0.470622,0.296592
170.000000,-1.404517,-0.587865,0.223615
180.000977,-1.896923,-0.716869,0.055203
190.000000,-2.560040,-0.871226,-0.114167
200.000000,-3.268940,-1.108931,-0.190264
210.000977,-3.940483,-1.454428,-0.494806
220.000000,-4.343344,-1.820567,-1.066380
230.000977,-4.247658,-2.041734,-1.671153
240.000000,-3.668509,-2.042554,-2.095869
250.000000,-2.630097,-1.894311,-2.069551
260.000977,-1.338858,-1.825832,-1.705996
270.000000,-0.353376,-1.909957,-1.420296
280.000000,0.062588,-1.940409,-1.392261
290.000977,0.229996,-1.870970,-1.411154
300.000000,0.530425,-1.735069,-1.220381
310.000977,0.966082,-1.498889,-0.855936
320.000000,1.459956,-1.148066,-0.383469
330.000000,2.215272,-0.662163,0.199443
340.000977,3.320302,-0.167681,0.823907
350.000000,4.409777,0.251113,1.359295
360.000000,5.040860,0.704970,1.562408
370.000977,5.385626,1.221757,1.485979
380.000000,5.724278,1.617294,1.285289
390.000977,5.904014,1.756661,1.021517
400.000000,5.559349,1.722525,0.684729
410.000000,4.773543,1.763808,0.307883
420.000977,4.017140,1.938139,0.159257
430.000000,3.642738,1.990447,0.354076
440.000000,3.400915,1.784102,0.834774
450.000977,3.095660,1.550396,1.311173
460.000000,2.854545,1.460166,1.523228
470.000977,2.746797,1.263891,1.339348
480.000000,2.703709,1.039462,0.777640
490.000000,2.575167,0.865139,0.227222
500.000977,2.444771,0.675064,-0.143809
510.000000,2.265042,0.379145,-0.407921
520.000000,1.772939,-0.017675,-0.490610
530.000977,1.026974,-0.418555,-0.605408
540.000000,0.222882,-0.621208,-0.707278
550.000977,-0.237157,-0.722427,-0.633191
560.000000,-0.514520,-0.740471,-0.357430
570.000000,-0.769291,-0.696374,-0.154537
580.000977,-1.013843,-0.827536,-0.000980
590.000000,-1.266765,-1.012422,-0.001976
600.000000,-1.380613,-1.009609,-0.092249
610.000977,-1.290727,-0.897486,-0.279567
620.000000,-1.158090,-0.870440,-0.509305
630.000977,-1.181504,-0.894683,-0.741078
640.000000,-1.282437,-0.907808,-0.910403
650.000000,-1.452860,-0.889584,-0.960648
660.000977,-1.596772,-0.762391,-0.878114
670.000000,-1.456165,-0.587187,-0.701138
680.000000,-1.093700,-0.474834,-0.451306
690.000977,-0.795884,-0.420374,-0.204618
700.000000,-0.736554,-0.469288,-0.066020
710.000977,-0.820584,-0.511880,-0.111250
720.000000,-0.828755,-0.460676,-0.232215
730.000000,-0.648915,-0.398964,-0.330941
740.000977,-0.418493,-0.306294,-0.326891
750.000000,-0.234303,-0.163679,-0.188071
760.000000,-0.159735,-0.063531,0.027226
770.000977,-0.196737,-0.039629,0.234740
780.000000,-0.297679,-0.031752,0.355970
790.000977,-0.519007,-0.015241,0.408726
800.000000,-0.783832,-0.035658,0.449408
810.000000,-0.870508,-0.076216,0.377073
820.000977,-0.793819,-0.080330,0.215647
830.000000,-0.594768,-0.050817,0.118384
840.000000,-0.267022,-0.017236,0.143728
850.000977,0.093934,0.001843,0.241839
860.000000,0.399709,0.024038,0.283999
870.000977,0.500319,0.052755,0.231516
880.000000,0.273545,0.050965,0.107366
890.000000,-0.134661,0.012549,-0.082176
900.000977,-0.341991,-0.032440,-0.207107
910.000000,-0.371241,-0.033412,-0.188944
920.000000,-0.260943,-0.021039,-0.079977
930.000977,-0.192178,-0.030057,0.049386
940.000000,-0.164119,-0.044591,0.148929
950.000977,-0.087751,-0.065850,0.193539
960.000000,-0.107070,-0.085690,0.147376
970.000000,-0.122333,-0.077760,0.047350
980.000977,-0.014321,-0.035477,0.000741
990.000000,0.141744,-0.011922,0.006619
1000.000000,0.176733,-0.019740,0.007833
1010.000977,0.084017,-0.056641,-0.081785
1020.000000,-0.036703,-0.078093,-0.182974
1030.000977,-0.121635,-0.075112,-0.165242
1040.000000,-0.117004,-0.084462,-0.058205
1050.000000,0.059265,-0.052575,0.070731
1060.000977,0.199136,-0.015068,0.180481
1070.000000,0.255922,0.014050,0.228464
1080.000000,0.359862,0.029441,0.206403
1090.000977,0.427957,0.079708,0.174002
1100.000000,0.347704,0.103272,0.132812
1110.000977,0.184867,0.106936,0.113508
1120.000000,0.082279,0.079014,0.075497
1130.000000,-0.000855,0.059656,0.016092
1140.000977,-0.067693,0.034481,-0.011190
1150.000000,-0.064112,0.017851,-0.026266
1160.000000,0.009785,0.061269,-0.016315
1170.000977,0.233947,0.047665,0.030746
1180.000000,0.369172,-0.036547,0.030880
1190.000977,0.338520,0.021956,-0.025514
1200.000000,0.284288,0.060487,0.045281
1210.000000,0.267601,0.041798,0.219755
1220.000977,0.197995,0.020832,0.254549
1230.000000,0.022788,0.031946,0.156986
1240.000000,-0.112376,0.002186,0.020471
1250.000977,-0.155693,-0.023844,-0.096544
1260.000000,-0.174708,-0.002454,-0.063989
1270.000977,-0.062147,0.031919,-0.000428
