0.000000,0.162975,0.117044,0.111849
9.999023,-0.010144,0.075519,0.117121
19.999023,-0.155527,0.030102,0.096446
30.000000,-0.220894,0.023682,0.057730
39.999023,-0.267184,-0.007483,0.089047
49.999023,-0.246300,-0.042671,0.092351
60.000000,-0.165533,-0.056730,0.028719
69.999023,-0.172104,-0.061656,-0.079335
80.000000,-0.199571,-0.066658,-0.121855
89.999023,-0.270537,-0.102126,-0.164581
99.999023,-0.370409,-0.162475,-0.157179
110.000000,-0.509234,-0.197311,-0.134287
119.999023,-0.675107,-0.245799,-0.067154
129.999023,-0.819387,-0.310750,0.025751
140.000000,-0.998915,-0.382920,0.084141
149.999023,-1.297441,-0.477135,0.164597
160.000000,-1.672697,-0.639583,0.240036
169.999023,-2.131299,-0.844131,0.237118
179.999023,-2.504219,-1.021919,0.208950
190.000000,-2.807351,-1.136976,0.079802
199.999023,-3.056770,-1.260581,-0.299621
209.999023,-3.060684,-1.457983,-0.882999
220.000000,-2.905239,-1.632659,-1.439436
229.999023,-2.597960,-1.640490,-1.620264
240.000000,-2.153893,-1.657601,-1.435247
249.999023,-1.799214,-1.690308,-1.115345
259.999023,-1.542799,-1.658264,-0.830703
270.000000,-1.253394,-1.643838,-0.614971
279.999023,-0.821182,-1.584715,-0.456788
289.999023,-0.267060,-1.468418,-0.380202
300.000000,0.236353,-1.396573,-0.429251
309.999023,0.571892,-1.355467,-0.570855
320.000000,0.683145,-1.312078,-0.676631
329.999023,0.829251,-1.119073,-0.569177
339.999023,1.490737,-0.744408,-0.189038
350.000000,2.597997,-0.310709,0.277679
359.999023,3.582484,0.122361,0.582343
369.999023,4.045988,0.395183,0.663279
380.000000,3.958708,0.504758,0.547720
389.999023,3.529834,0.568241,0.191092
400.000000,3.100739,0.684908,-0.181527
409.999023,3.007882,0.907113,-0.163096
419.999023,3.293640,1.106933,0.306017
430.000000,3.742890,1.252127,0.928547
439.999023,4.291200,1.432563,1.362495
449.999023,4.829668,1.600883,1.516956
460.000000,5.067327,1.740858,1.522332
469.999023,4.881682,1.808384,1.583551
480.000000,4.421554,1.710483,1.742279
489.999023,3.897274,1.338448,1.723541
499.999023,3.180725,0.996620,1.384120
510.000000,2.296725,0.777961,0.933066
519.999023,1.601095,0.564931,0.544872
529.999023,1.165609,0.427033,0.309220
540.000000,0.886527,0.304982,0.176633
549.999023,0.588734,0.089579,0.126062
560.000000,0.318460,-0.065233,0.105115
569.999023,0.294323,-0.051895,0.119438
579.999023,0.376266,-0.161076,0.073972
590.000000,0.407289,-0.415271,-0.264580
599.999023,0.216456,-0.613171,-0.704328
609.999023,0.039499,-0.659254,-1.072352
620.000000,-0.008449,-0.804467,-1.171962
629.999023,-0.108069,-1.031205,-0.994909
640.000000,-0.249952,-1.082037,-0.907193
649.999023,-0.580761,-0.946794,-0.962788
659.999023,-1.031234,-0.827202,-1.097592
670.000000,-1.321498,-0.775068,-1.036043
679.999023,-1.476826,-0.742867,-0.710769
689.999023,-1.406782,-0.757148,-0.384717
700.000000,-1.226926,-0.814734,-0.200755
709.999023,-1.046998,-0.790615,-0.162148
720.000000,-0.801943,-0.779813,-0.305659
729.999023,-0.612043,-0.739646,-0.540368
739.999023,-0.494084,-0.641196,-0.644022
750.000000,-0.343591,-0.547729,-0.579199
759.999023,-0.322726,-0.460790,-0.525165
769.999023,-0.592583,-0.405989,-0.502547
780.000000,-0.962732,-0.396163,-0.496045
789.999023,-1.172454,-0.378040,-0.410495
800.000000,-1.165114,-0.335926,-0.229797
809.999023,-1.003591,-0.295695,0.013372
819.999023,-0.728143,-0.247721,0.242814
830.000000,-0.442208,-0.159607,0.406953
839.999023,-0.189448,-0.074072,0.485642
849.999023,-0.018489,-0.050354,0.448071
860.000000,-0.074707,-0.033557,0.319442
869.999023,-0.320095,-0.045985,0.165026
880.000000,-0.579038,-0.089110,0.046203
889.999023,-0.783141,-0.124563,-0.022565
899.999023,-0.860303,-0.145817,-0.014280
910.000000,-0.765490,-0.166919,0.052525
919.999023,-0.588056,-0.158421,0.141879
929.999023,-0.363837,-0.143327,0.202834
940.000000,-0.156612,-0.118985,0.221275
949.999023,-0.095857,-0.090038,0.210790
960.000000,-0.114919,-0.084815,0.174376
969.999023,-0.034498,-0.084685,0.161591
979.999023,0.022921,-0.066515,0.162890
990.000000,0.034695,-0.040745,0.114158
999.999023,0.001809,-0.026108,0.008769
1009.999023,-0.053835,-0.017585,-0.092632
1020.000000,-0.109168,-0.024391,-0.139560
1029.999023,-0.165797,-0.026582,-0.119209
1040.000000,-0.145554,-0.001628,-0.026751
1049.999023,-0.047750,0.023395,0.058035
1059.999023,0.126492,0.039871,0.133444
1070.000000,0.256753,0.062179,0.209338
1079.999023,0.297337,0.109743,0.228276
1089.999023,0.310699,0.143608,0.167845
1100.000000,0.255961,0.115075,0.073937
1109.999023,0.212989,0.084901,0.012556
1120.000000,0.178916,0.053981,0.000451
1129.999023,0.111917,0.021119,0.060058
1139.999023,-0.048616,-0.024092,0.163221
1150.000000,-0.219473,-0.027684,0.240268
1159.999023,-0.260514,-0.031449,0.216434
1169.999023,-0.126377,-0.033589,0.160039
1180.000000,0.007446,-0.009593,0.137760
1190.001953,0.068277,-0.017324,0.100677
1200.002930,0.046828,-0.051272,0.036972
1210.001953,0.017268,-0.052691,-0.073682
1220.001953,0.016322,-0.041331,-0.189614
1230.001953,0.081097,-0.038297,-0.205019
1240.001953,0.140262,-0.027555,-0.092456
1250.002930,0.101410,-0.048626,0.031707
1260.001953,0.000105,-0.046863,0.073098
1270.001953,-0.033658,-0.009316,0.083947
